2018-10-03 00:28:35,967 - INFO - scraper - Database Connection Established
2018-10-03 00:28:35,978 - INFO - __main__ - Database Connection Established
2018-10-03 00:28:36,067 - INFO - __main__ - Session Started
2018-10-03 00:28:36,069 - INFO - __main__ - Scraping for amazon started.
2018-10-03 00:28:40,677 - INFO - __main__ - Scraping for bigbasket started.
2018-10-03 00:29:55,800 - WARNING - scraper - Connection time out while collecting data for 3-10000148
2018-10-03 00:31:10,827 - WARNING - scraper - Connection time out while collecting data for 3-10000200
2018-10-03 00:35:25,378 - INFO - scraper - Data of bigbasket - 1203781  stored  Successfully
2018-10-03 00:35:26,026 - INFO - scraper - Data of bigbasket - 1203781  stored  Successfully
2018-10-03 00:35:27,173 - INFO - scraper - Data of bigbasket - 1203781  stored  Successfully
2018-10-03 00:35:27,273 - INFO - __main__ - Scraping for grofers started.
2018-10-03 00:35:45,327 - INFO - scraper - Data of amazon - B01N0L50QX  stored  Successfully
2018-10-03 00:35:45,452 - INFO - scraper - Data of amazon - B01K4F55BE  stored  Successfully
2018-10-03 00:35:45,526 - INFO - scraper - Data of amazon - B01N0L50QX  stored  Successfully
2018-10-03 00:35:45,602 - INFO - scraper - Data of amazon - B01K4F45LU  stored  Successfully
2018-10-03 00:35:45,665 - INFO - scraper - Data of amazon - B01K4F55BE  stored  Successfully
2018-10-03 00:35:45,716 - INFO - scraper - Data of amazon - B01N4893Q0  stored  Successfully
2018-10-03 00:35:45,819 - INFO - scraper - Data of amazon - B01K4F4B9Q  stored  Successfully
2018-10-03 00:35:45,928 - INFO - scraper - Data of amazon - B01MSTFSXA  stored  Successfully
2018-10-03 00:35:46,010 - INFO - scraper - Data of amazon - B01K4F45LU  stored  Successfully
2018-10-03 00:35:46,109 - INFO - scraper - Data of amazon - B01K4F6SHO  stored  Successfully
2018-10-03 00:35:46,181 - INFO - scraper - Data of amazon - B01K4F6SHO  stored  Successfully
2018-10-03 00:35:46,320 - INFO - scraper - Data of amazon - B01K4F4B9Q  stored  Successfully
2018-10-03 00:35:46,415 - INFO - scraper - Data of amazon - B01N4893Q0  stored  Successfully
2018-10-03 00:35:46,544 - INFO - scraper - Data of amazon - B01K4F40JW  stored  Successfully
2018-10-03 00:35:46,636 - INFO - scraper - Data of amazon - B01K4F6N2E  stored  Successfully
2018-10-03 00:35:46,758 - INFO - scraper - Data of amazon - B07DLGX4KK  stored  Successfully
2018-10-03 00:35:46,921 - INFO - scraper - Data of amazon - B01K4F5KWS  stored  Successfully
2018-10-03 00:35:48,164 - INFO - scraper - Data of amazon - B01K4F40JW  stored  Successfully
2018-10-03 00:35:48,478 - INFO - scraper - Data of amazon - B01MXSK7QM  stored  Successfully
2018-10-03 00:35:52,161 - INFO - scraper - Data of amazon - B01HBFVM94  stored  Successfully
2018-10-03 00:35:52,691 - INFO - scraper - Data of grofers - 389731  stored  Successfully
2018-10-03 00:35:52,754 - INFO - scraper - Data of amazon - B01K4F7IWS  stored  Successfully
2018-10-03 00:35:53,240 - INFO - scraper - Data of amazon - B01K4F4G4Q  stored  Successfully
2018-10-03 00:35:53,912 - INFO - scraper - Data of amazon - B01K4F4VXC  stored  Successfully
2018-10-03 00:35:54,958 - INFO - scraper - Data of amazon - B01K4F7DMS  stored  Successfully
2018-10-03 00:35:55,146 - INFO - scraper - Data of amazon - B01HBEUAI4  stored  Successfully
2018-10-03 00:35:55,298 - INFO - scraper - Data of amazon - B078SFQVBR  stored  Successfully
2018-10-03 00:35:55,374 - INFO - scraper - Data of amazon - B01K4F5KWS  stored  Successfully
2018-10-03 00:35:55,501 - INFO - scraper - Data of amazon - B07DLMRVBY  stored  Successfully
2018-10-03 00:35:55,599 - INFO - scraper - Data of amazon - B07DLMRVBY  stored  Successfully
2018-10-03 00:35:55,800 - INFO - scraper - Data of amazon - B01N7CJHBT  stored  Successfully
2018-10-03 00:35:55,875 - INFO - scraper - Data of grofers - 391655  stored  Successfully
2018-10-03 00:35:55,976 - INFO - scraper - Data of amazon - B01MQQDL4A  stored  Successfully
2018-10-03 00:35:56,054 - INFO - scraper - Data of amazon - B01HBFTGPQ  stored  Successfully
2018-10-03 00:35:56,140 - INFO - scraper - Data of amazon - B01K4F2TN6  stored  Successfully
2018-10-03 00:35:56,224 - INFO - scraper - Data of amazon - B01K4F59E2  stored  Successfully
2018-10-03 00:35:56,296 - INFO - scraper - Data of amazon - B01MQQDJ2K  stored  Successfully
2018-10-03 00:35:56,376 - INFO - scraper - Data of amazon - B01K4F4L96  stored  Successfully
2018-10-03 00:35:56,588 - INFO - scraper - Data of amazon - B07DLBXGF1  stored  Successfully
2018-10-03 00:35:57,132 - INFO - scraper - Data of amazon - B01K4F4L96  stored  Successfully
2018-10-03 00:35:57,628 - INFO - scraper - Data of amazon - B01K4F59E2  stored  Successfully
2018-10-03 00:35:57,976 - INFO - scraper - Data of amazon - B01HBFSSUK  stored  Successfully
2018-10-03 00:35:58,080 - INFO - scraper - Data of amazon - B01K4F2DQO  stored  Successfully
2018-10-03 00:35:58,207 - INFO - scraper - Data of amazon - B01HBEQ006  stored  Successfully
2018-10-03 00:35:58,365 - INFO - scraper - Data of amazon - B01MTUXLEQ  stored  Successfully
2018-10-03 00:35:58,477 - INFO - scraper - Data of amazon - B01N0L50QX  stored  Successfully
2018-10-03 00:35:58,817 - INFO - scraper - Data of amazon - B01HBFXGO8  stored  Successfully
2018-10-03 00:35:59,188 - INFO - scraper - Data of amazon - B01K4F6SHO  stored  Successfully
2018-10-03 00:36:00,131 - INFO - scraper - Data of amazon - B01K4F4G4Q  stored  Successfully
2018-10-03 00:36:00,534 - INFO - scraper - Data of amazon - B07BGCB6M7  stored  Successfully
2018-10-03 00:36:00,726 - INFO - scraper - Data of amazon - B01MQQDL4A  stored  Successfully
2018-10-03 00:36:00,973 - INFO - scraper - Data of amazon - B07BGC61TC  stored  Successfully
2018-10-03 00:36:01,280 - INFO - scraper - Data of amazon - B01HBFVM94  stored  Successfully
2018-10-03 00:36:01,391 - INFO - scraper - Data of amazon - B01HBFUCTA  stored  Successfully
2018-10-03 00:36:01,469 - INFO - scraper - Data of amazon - B01MXSK7QM  stored  Successfully
2018-10-03 00:36:01,571 - INFO - scraper - Data of amazon - B07BGD2283  stored  Successfully
2018-10-03 00:36:01,825 - INFO - scraper - Data of amazon - B07B6H751L  stored  Successfully
2018-10-03 00:36:02,295 - INFO - scraper - Data of amazon - B07BGCNMBB  stored  Successfully
2018-10-03 00:36:02,489 - INFO - scraper - Data of amazon - B01HBFTGPQ  stored  Successfully
2018-10-03 00:36:02,720 - INFO - scraper - Data of amazon - B01K4F78NC  stored  Successfully
2018-10-03 00:36:02,832 - INFO - scraper - Data of amazon - B07BGC43KD  stored  Successfully
2018-10-03 00:36:02,924 - INFO - scraper - Data of amazon - B01K4F4QG4  stored  Successfully
2018-10-03 00:36:03,027 - INFO - scraper - Data of amazon - B07B6H75SQ  stored  Successfully
2018-10-03 00:36:03,132 - INFO - scraper - Data of amazon - B078SDRVXY  stored  Successfully
2018-10-03 00:36:03,188 - INFO - scraper - Data of amazon - B01K4F2XVO  stored  Successfully
2018-10-03 00:36:03,286 - INFO - scraper - Data of amazon - B01K4F3W00  stored  Successfully
2018-10-03 00:36:03,363 - INFO - scraper - Data of amazon - B01K4F78NC  stored  Successfully
2018-10-03 00:36:03,441 - INFO - scraper - Data of amazon - B01K4F3NPE  stored  Successfully
2018-10-03 00:36:03,513 - INFO - scraper - Data of amazon - B07B6H75SQ  stored  Successfully
2018-10-03 00:36:03,574 - INFO - scraper - Data of amazon - B01HBFTGPQ  stored  Successfully
2018-10-03 00:36:03,748 - INFO - scraper - Data of amazon - B01MSTFSXA  stored  Successfully
2018-10-03 00:36:03,826 - INFO - scraper - Data of amazon - B07DLGX4KK  stored  Successfully
2018-10-03 00:36:03,900 - INFO - scraper - Data of amazon - B01HBFUCTA  stored  Successfully
2018-10-03 00:36:03,957 - INFO - scraper - Data of amazon - B07B6H751L  stored  Successfully
2018-10-03 00:36:04,010 - INFO - scraper - Data of amazon - B01HBF5WBI  stored  Successfully
2018-10-03 00:36:04,100 - INFO - scraper - Data of amazon - B01K4F3S72  stored  Successfully
2018-10-03 00:36:04,173 - INFO - scraper - Data of amazon - B01MRRRUJK  stored  Successfully
2018-10-03 00:36:04,261 - INFO - scraper - Data of amazon - B01N6MVEN4  stored  Successfully
2018-10-03 00:36:04,324 - INFO - scraper - Data of amazon - B01K4F6HJ8  stored  Successfully
2018-10-03 00:36:04,406 - INFO - scraper - Data of amazon - B078SFTDTY  stored  Successfully
2018-10-03 00:36:04,468 - INFO - scraper - Data of amazon - B01K4F66YY  stored  Successfully
2018-10-03 00:36:04,534 - INFO - scraper - Data of amazon - B01K4F3264  stored  Successfully
2018-10-03 00:36:04,624 - INFO - scraper - Data of amazon - B078SDRVXY  stored  Successfully
2018-10-03 00:36:04,710 - INFO - scraper - Data of amazon - B07BGCNMBB  stored  Successfully
2018-10-03 00:36:04,778 - INFO - scraper - Data of amazon - B07BGCB6M7  stored  Successfully
2018-10-03 00:36:04,904 - INFO - scraper - Data of amazon - B01K4F4VXC  stored  Successfully
2018-10-03 00:36:04,967 - INFO - scraper - Data of amazon - B01K4F4G4Q  stored  Successfully
2018-10-03 00:36:05,030 - INFO - scraper - Data of amazon - B01K4F72RY  stored  Successfully
2018-10-03 00:36:05,091 - INFO - scraper - Data of amazon - B078SFQVBR  stored  Successfully
2018-10-03 00:36:05,151 - INFO - scraper - Data of amazon - B01K4F3W00  stored  Successfully
2018-10-03 00:36:05,202 - INFO - scraper - Data of amazon - B078SFTDTY  stored  Successfully
2018-10-03 00:36:05,302 - INFO - scraper - Data of amazon - B01HBEQ006  stored  Successfully
2018-10-03 00:36:05,375 - INFO - scraper - Data of amazon - B01K4F5FIC  stored  Successfully
2018-10-03 00:36:05,455 - INFO - scraper - Data of amazon - B07BGC5C1Z  stored  Successfully
2018-10-03 00:36:05,529 - INFO - scraper - Data of amazon - B01K4F50P0  stored  Successfully
2018-10-03 00:36:05,595 - INFO - scraper - Data of amazon - B01K4F5WI0  stored  Successfully
2018-10-03 00:36:05,735 - INFO - scraper - Data of amazon - B01HBFXKO4  stored  Successfully
2018-10-03 00:36:05,824 - INFO - scraper - Data of amazon - B01HBFSSUK  stored  Successfully
2018-10-03 00:36:05,882 - INFO - scraper - Data of amazon - B01K4F3NPE  stored  Successfully
2018-10-03 00:36:05,965 - INFO - scraper - Data of amazon - B01N59O6RL  stored  Successfully
2018-10-03 00:36:06,102 - INFO - scraper - Data of amazon - B01K4F4VXC  stored  Successfully
2018-10-03 00:36:06,164 - INFO - scraper - Data of amazon - B07BGCWY83  stored  Successfully
2018-10-03 00:36:06,325 - INFO - scraper - Data of amazon - B01K4F6N2E  stored  Successfully
2018-10-03 00:36:06,379 - INFO - scraper - Data of amazon - B01NBEWANN  stored  Successfully
2018-10-03 00:36:06,435 - INFO - scraper - Data of amazon - B01K4F3W00  stored  Successfully
2018-10-03 00:36:06,491 - INFO - scraper - Data of amazon - B07BGCZCB3  stored  Successfully
2018-10-03 00:36:06,568 - INFO - scraper - Data of amazon - B01K4F7DMS  stored  Successfully
2018-10-03 00:36:06,634 - INFO - scraper - Data of amazon - B01K4F5FIC  stored  Successfully
2018-10-03 00:36:07,094 - INFO - scraper - Data of amazon - B01K4F5R3K  stored  Successfully
2018-10-03 00:36:07,175 - INFO - scraper - Data of amazon - B01K4F55BE  stored  Successfully
2018-10-03 00:36:07,265 - INFO - scraper - Data of amazon - B01K4F2XVO  stored  Successfully
2018-10-03 00:36:07,375 - INFO - scraper - Data of amazon - B01K4F7QWU  stored  Successfully
2018-10-03 00:36:07,447 - INFO - scraper - Data of amazon - B01HBFTGPQ  stored  Successfully
2018-10-03 00:36:07,535 - INFO - scraper - Data of amazon - B01K4F4G4Q  stored  Successfully
2018-10-03 00:36:07,590 - INFO - scraper - Data of amazon - B01K4F2DQO  stored  Successfully
2018-10-03 00:36:07,711 - INFO - scraper - Data of amazon - B01K4F50P0  stored  Successfully
2018-10-03 00:36:07,774 - INFO - scraper - Data of amazon - B01K4F62HK  stored  Successfully
2018-10-03 00:36:08,077 - INFO - scraper - Data of amazon - B01N0GN72Y  stored  Successfully
2018-10-03 00:36:08,146 - INFO - scraper - Data of amazon - B01K4F4VXC  stored  Successfully
2018-10-03 00:36:08,218 - INFO - scraper - Data of amazon - B01K4F5WI0  stored  Successfully
2018-10-03 00:36:08,304 - INFO - scraper - Data of amazon - B01K4F3NPE  stored  Successfully
2018-10-03 00:36:08,368 - INFO - scraper - Data of amazon - B07DLBXGF1  stored  Successfully
2018-10-03 00:36:08,432 - INFO - scraper - Data of amazon - B01HBF5WBI  stored  Successfully
2018-10-03 00:36:08,583 - INFO - scraper - Data of amazon - B01K4F62HK  stored  Successfully
2018-10-03 00:36:08,654 - INFO - scraper - Data of amazon - B01K4F5FIC  stored  Successfully
2018-10-03 00:36:08,713 - INFO - scraper - Data of amazon - B01MQQDL4A  stored  Successfully
2018-10-03 00:36:08,803 - INFO - scraper - Data of amazon - B01K4F6HJ8  stored  Successfully
2018-10-03 00:36:08,881 - INFO - scraper - Data of amazon - B01K4F6CBG  stored  Successfully
2018-10-03 00:36:08,940 - INFO - scraper - Data of amazon - B01K4F3APM  stored  Successfully
2018-10-03 00:36:09,018 - INFO - scraper - Data of amazon - B01N0GN72Y  stored  Successfully
2018-10-03 00:36:09,098 - INFO - scraper - Data of amazon - B01K4F7QWU  stored  Successfully
2018-10-03 00:36:09,166 - INFO - scraper - Data of amazon - B01K4F7IWS  stored  Successfully
2018-10-03 00:36:09,245 - INFO - scraper - Data of amazon - B01HBF5WBI  stored  Successfully
2018-10-03 00:36:09,301 - INFO - scraper - Data of amazon - B01K4F5KWS  stored  Successfully
2018-10-03 00:36:09,357 - INFO - scraper - Data of amazon - B07BGCZCB3  stored  Successfully
2018-10-03 00:36:09,412 - INFO - scraper - Data of amazon - B01K4F5R3K  stored  Successfully
2018-10-03 00:36:09,466 - INFO - scraper - Data of amazon - B01NBEWANN  stored  Successfully
2018-10-03 00:36:09,523 - INFO - scraper - Data of amazon - B01K4F3IVS  stored  Successfully
2018-10-03 00:36:09,598 - INFO - scraper - Data of amazon - B07BGD2283  stored  Successfully
2018-10-03 00:36:09,714 - INFO - scraper - Data of amazon - B01N59O6RL  stored  Successfully
2018-10-03 00:36:09,798 - INFO - scraper - Data of amazon - B07BGC61TC  stored  Successfully
2018-10-03 00:36:09,859 - INFO - scraper - Data of amazon - B01K4F50P0  stored  Successfully
2018-10-03 00:36:09,929 - INFO - scraper - Data of amazon - B01K4F2TN6  stored  Successfully
2018-10-03 00:36:10,033 - INFO - scraper - Data of amazon - B01K4F6SHO  stored  Successfully
2018-10-03 00:36:10,073 - INFO - scraper - Data of amazon - B01K4F5FIC  stored  Successfully
2018-10-03 00:36:10,145 - INFO - scraper - Data of amazon - B01K4F3264  stored  Successfully
2018-10-03 00:36:10,213 - INFO - scraper - Data of amazon - B01K4F3APM  stored  Successfully
2018-10-03 00:36:10,445 - INFO - scraper - Data of amazon - B01HBFSSUK  stored  Successfully
2018-10-03 00:36:10,512 - INFO - scraper - Data of amazon - B01K4F3EYO  stored  Successfully
2018-10-03 00:36:10,579 - INFO - scraper - Data of amazon - B07BGC5C1Z  stored  Successfully
2018-10-03 00:36:10,645 - INFO - scraper - Data of amazon - B01K4F3IVS  stored  Successfully
2018-10-03 00:36:10,712 - INFO - scraper - Data of amazon - B01N6MVEN4  stored  Successfully
2018-10-03 00:36:10,907 - INFO - scraper - Data of amazon - B01HBFUCTA  stored  Successfully
2018-10-03 00:36:10,979 - INFO - scraper - Data of amazon - B01K4F66YY  stored  Successfully
2018-10-03 00:36:11,045 - INFO - scraper - Data of amazon - B01MRRRUJK  stored  Successfully
2018-10-03 00:36:11,126 - INFO - scraper - Data of amazon - B01K4F5KWS  stored  Successfully
2018-10-03 00:36:11,209 - INFO - scraper - Data of amazon - B01K4F72RY  stored  Successfully
2018-10-03 00:36:11,283 - INFO - scraper - Data of amazon - B01MQQDL4A  stored  Successfully
2018-10-03 00:36:11,339 - INFO - scraper - Data of amazon - B01HBFXGO8  stored  Successfully
2018-10-03 00:36:11,420 - INFO - scraper - Data of amazon - B01HBFSSUK  stored  Successfully
2018-10-03 00:36:11,490 - INFO - scraper - Data of amazon - B01K4F3EYO  stored  Successfully
2018-10-03 00:36:11,545 - INFO - scraper - Data of amazon - B01N0L50QX  stored  Successfully
2018-10-03 00:36:11,600 - INFO - scraper - Data of amazon - B01K4F3W00  stored  Successfully
2018-10-03 00:36:12,046 - INFO - scraper - Data of amazon - B01K4F50P0  stored  Successfully
2018-10-03 00:36:12,143 - INFO - scraper - Data of amazon - B01K4F6CBG  stored  Successfully
2018-10-03 00:36:12,213 - INFO - scraper - Data of amazon - B01HBF5WBI  stored  Successfully
2018-10-03 00:36:12,267 - INFO - scraper - Data of amazon - B01N59O6RL  stored  Successfully
2018-10-03 00:36:12,323 - INFO - scraper - Data of grofers - 377444  stored  Successfully
2018-10-03 00:36:12,378 - INFO - scraper - Data of amazon - B07BGC43KD  stored  Successfully
2018-10-03 00:36:12,444 - INFO - scraper - Data of amazon - B01N59O6RL  stored  Successfully
2018-10-03 00:36:12,555 - INFO - scraper - Data of amazon - B01K4F3S72  stored  Successfully
2018-10-03 00:36:12,625 - INFO - scraper - Data of amazon - B01HBFUCTA  stored  Successfully
2018-10-03 00:36:12,707 - INFO - scraper - Data of amazon - B07BGCWY83  stored  Successfully
2018-10-03 00:36:12,767 - INFO - scraper - Data of amazon - B01K4F4VXC  stored  Successfully
2018-10-03 00:36:12,830 - INFO - scraper - Data of amazon - B01K4F3NPE  stored  Successfully
2018-10-03 00:36:12,898 - INFO - scraper - Data of amazon - B01MTUXLEQ  stored  Successfully
2018-10-03 00:36:12,959 - INFO - scraper - Data of amazon - B01K4F4QG4  stored  Successfully
2018-10-03 00:36:13,024 - INFO - scraper - Data of amazon - B01K4F55BE  stored  Successfully
2018-10-03 00:36:13,078 - INFO - scraper - Data of amazon - B01K4F4VXC  stored  Successfully
2018-10-03 00:36:13,134 - INFO - scraper - Data of amazon - B01MQQDJ2K  stored  Successfully
2018-10-03 00:36:13,189 - INFO - scraper - Data of amazon - B01N7CJHBT  stored  Successfully
2018-10-03 00:36:13,245 - INFO - scraper - Data of amazon - B01HBEUAI4  stored  Successfully
2018-10-03 00:36:13,505 - INFO - scraper - Data of amazon - B01HBFXKO4  stored  Successfully
2018-10-03 00:36:14,444 - INFO - __main__ - Data Scraped Successfully
2018-10-03 00:36:14,444 - INFO - __main__ - SUCCESSFUL
2018-10-03 00:36:21,561 - INFO - scraper - Mail Sent successfully
2018-10-03 00:38:03,493 - INFO - scraper - Database Connection Established
2018-10-03 00:38:03,502 - INFO - __main__ - Database Connection Established
2018-10-03 00:38:03,585 - INFO - __main__ - Session Started
2018-10-03 00:38:03,589 - INFO - __main__ - Scraping for amazon started.
2018-10-03 00:38:07,916 - INFO - __main__ - Scraping for bigbasket started.
2018-10-03 00:38:19,666 - INFO - scraper - Cookies Cleared Successfully
2018-10-03 00:39:03,040 - INFO - scraper - Location changed to 3 in Bbs
2018-10-03 00:39:05,126 - INFO - scraper - New Chromw cookies Collected
2018-10-03 00:39:05,137 - ERROR - __main__ - Message: invalid session id
  (Driver info: chromedriver=2.42.591088 (7b2b2dca23cca0862f674758c9a3933e685c27d5),platform=Windows NT 6.1.7601 SP1 x86)
Traceback (most recent call last):
  File "C:\Users\Dhiraj Mehta\My Documents\LiClipse Workspace\web-scraping\web-scrapper\scraper\spiders\main_program.py", line 114, in <module>
    flag=scraper.ChangeLocationBbs(pincode, store, base_url, location_id, store_id, sku, area, session_id)
  File "C:\Users\Dhiraj Mehta\My Documents\LiClipse Workspace\web-scraping\web-scrapper\scraper\spiders\scraper.py", line 227, in ChangeLocationBbs
    browser.close()
  File "C:\Program Files\Anaconda3\lib\site-packages\selenium\webdriver\remote\webdriver.py", line 688, in close
    self.execute(Command.CLOSE)
  File "C:\Program Files\Anaconda3\lib\site-packages\selenium\webdriver\remote\webdriver.py", line 321, in execute
    self.error_handler.check_response(response)
  File "C:\Program Files\Anaconda3\lib\site-packages\selenium\webdriver\remote\errorhandler.py", line 242, in check_response
    raise exception_class(message, screen, stacktrace)
selenium.common.exceptions.WebDriverException: Message: invalid session id
  (Driver info: chromedriver=2.42.591088 (7b2b2dca23cca0862f674758c9a3933e685c27d5),platform=Windows NT 6.1.7601 SP1 x86)

2018-10-03 00:39:05,141 - INFO - __main__ - SUCCESSFUL
2018-10-03 00:39:05,226 - ERROR - scraper - Mail not sent
2018-10-03 00:39:05,227 - CRITICAL - scraper - Session Unsucessfull
2018-10-03 00:43:57,122 - INFO - scraper - Database Connection Established
2018-10-03 00:43:57,140 - INFO - __main__ - Database Connection Established
2018-10-03 00:43:57,264 - INFO - __main__ - Session Started
2018-10-03 00:43:57,265 - INFO - __main__ - Scraping for amazon started.
2018-10-03 00:44:01,794 - INFO - __main__ - Scraping for bigbasket started.
2018-10-03 00:44:13,446 - INFO - scraper - Cookies Cleared Successfully
2018-10-03 00:44:58,155 - INFO - scraper - Location changed to 3 in Bbs
2018-10-03 00:45:00,192 - INFO - scraper - New Chromw cookies Collected
2018-10-03 00:45:00,204 - ERROR - __main__ - Message: invalid session id
  (Driver info: chromedriver=2.42.591088 (7b2b2dca23cca0862f674758c9a3933e685c27d5),platform=Windows NT 6.1.7601 SP1 x86)
Traceback (most recent call last):
  File "C:\Users\Dhiraj Mehta\My Documents\LiClipse Workspace\web-scraping\web-scrapper\scraper\spiders\main_program.py", line 115, in <module>
    flag=scraper.ChangeLocationBbs(pincode, store, base_url, location_id, store_id, sku, area, session_id)
  File "C:\Users\Dhiraj Mehta\My Documents\LiClipse Workspace\web-scraping\web-scrapper\scraper\spiders\scraper.py", line 227, in ChangeLocationBbs
    browser.close()
  File "C:\Program Files\Anaconda3\lib\site-packages\selenium\webdriver\remote\webdriver.py", line 688, in close
    self.execute(Command.CLOSE)
  File "C:\Program Files\Anaconda3\lib\site-packages\selenium\webdriver\remote\webdriver.py", line 321, in execute
    self.error_handler.check_response(response)
  File "C:\Program Files\Anaconda3\lib\site-packages\selenium\webdriver\remote\errorhandler.py", line 242, in check_response
    raise exception_class(message, screen, stacktrace)
selenium.common.exceptions.WebDriverException: Message: invalid session id
  (Driver info: chromedriver=2.42.591088 (7b2b2dca23cca0862f674758c9a3933e685c27d5),platform=Windows NT 6.1.7601 SP1 x86)

2018-10-03 00:45:00,208 - INFO - __main__ - SUCCESSFUL
2018-10-03 00:45:00,317 - ERROR - scraper - Mail not sent
2018-10-03 00:45:00,318 - CRITICAL - scraper - Session Unsucessfull
2018-10-03 00:50:03,739 - INFO - scraper - Database Connection Established
2018-10-03 00:50:03,748 - INFO - __main__ - Database Connection Established
2018-10-03 00:50:03,833 - INFO - __main__ - Session Started
2018-10-03 00:50:03,836 - INFO - __main__ - Scraping for amazon started.
2018-10-03 00:50:08,107 - INFO - __main__ - Scraping for bigbasket started.
2018-10-03 00:50:17,958 - ERROR - scraper - Message: unknown error: Element <paper-button id="clearBrowsingDataConfirm" class="action-button" role="button" tabindex="-1" animated="" aria-disabled="true" elevation="0" disabled="" style="pointer-events: none;">...</paper-button> is not clickable at point (713, 494). Other element would receive the click: <div slot="button-container">...</div>
  (Session info: chrome=69.0.3497.100)
  (Driver info: chromedriver=2.42.591088 (7b2b2dca23cca0862f674758c9a3933e685c27d5),platform=Windows NT 6.1.7601 SP1 x86)
Traceback (most recent call last):
  File "C:\Users\Dhiraj Mehta\My Documents\LiClipse Workspace\web-scraping\web-scrapper\scraper\spiders\scraper.py", line 74, in ClearCookies
    clear.click()
  File "C:\Program Files\Anaconda3\lib\site-packages\selenium\webdriver\remote\webelement.py", line 80, in click
    self._execute(Command.CLICK_ELEMENT)
  File "C:\Program Files\Anaconda3\lib\site-packages\selenium\webdriver\remote\webelement.py", line 633, in _execute
    return self._parent.execute(command, params)
  File "C:\Program Files\Anaconda3\lib\site-packages\selenium\webdriver\remote\webdriver.py", line 321, in execute
    self.error_handler.check_response(response)
  File "C:\Program Files\Anaconda3\lib\site-packages\selenium\webdriver\remote\errorhandler.py", line 242, in check_response
    raise exception_class(message, screen, stacktrace)
selenium.common.exceptions.WebDriverException: Message: unknown error: Element <paper-button id="clearBrowsingDataConfirm" class="action-button" role="button" tabindex="-1" animated="" aria-disabled="true" elevation="0" disabled="" style="pointer-events: none;">...</paper-button> is not clickable at point (713, 494). Other element would receive the click: <div slot="button-container">...</div>
  (Session info: chrome=69.0.3497.100)
  (Driver info: chromedriver=2.42.591088 (7b2b2dca23cca0862f674758c9a3933e685c27d5),platform=Windows NT 6.1.7601 SP1 x86)

2018-10-03 00:51:06,865 - INFO - scraper - Location changed to 3 in Bbs
2018-10-03 00:51:09,005 - INFO - scraper - New Chromw cookies Collected
2018-10-03 00:51:09,013 - ERROR - __main__ - Message: invalid session id
  (Driver info: chromedriver=2.42.591088 (7b2b2dca23cca0862f674758c9a3933e685c27d5),platform=Windows NT 6.1.7601 SP1 x86)
Traceback (most recent call last):
  File "C:\Users\Dhiraj Mehta\My Documents\LiClipse Workspace\web-scraping\web-scrapper\scraper\spiders\main_program.py", line 115, in <module>
    flag=scraper.ChangeLocationBbs(pincode, store, base_url, location_id, store_id, sku, area, session_id)
  File "C:\Users\Dhiraj Mehta\My Documents\LiClipse Workspace\web-scraping\web-scrapper\scraper\spiders\scraper.py", line 227, in ChangeLocationBbs
    browser.close()
  File "C:\Program Files\Anaconda3\lib\site-packages\selenium\webdriver\remote\webdriver.py", line 688, in close
    self.execute(Command.CLOSE)
  File "C:\Program Files\Anaconda3\lib\site-packages\selenium\webdriver\remote\webdriver.py", line 321, in execute
    self.error_handler.check_response(response)
  File "C:\Program Files\Anaconda3\lib\site-packages\selenium\webdriver\remote\errorhandler.py", line 242, in check_response
    raise exception_class(message, screen, stacktrace)
selenium.common.exceptions.WebDriverException: Message: invalid session id
  (Driver info: chromedriver=2.42.591088 (7b2b2dca23cca0862f674758c9a3933e685c27d5),platform=Windows NT 6.1.7601 SP1 x86)

2018-10-03 00:51:09,014 - INFO - __main__ - SUCCESSFUL
2018-10-03 00:51:09,170 - ERROR - scraper - Mail not sent
2018-10-03 00:51:09,171 - CRITICAL - scraper - Session Unsucessfull
2018-10-03 01:25:43,950 - INFO - scraper - Database Connection Established
2018-10-03 01:25:44,015 - INFO - __main__ - Database Connection Established
2018-10-03 01:25:44,099 - INFO - __main__ - Session Started
2018-10-03 01:25:44,101 - INFO - __main__ - Scraping for amazon started.
2018-10-03 01:25:49,557 - INFO - __main__ - Scraping for bigbasket started.
2018-10-03 01:29:50,985 - INFO - scraper - Data of bigbasket - 10000148  stored  Successfully
2018-10-03 01:29:51,446 - INFO - scraper - Data of bigbasket - 10000148  stored  Successfully
2018-10-03 01:29:51,990 - INFO - scraper - Data of bigbasket - 10000148  stored  Successfully
2018-10-03 01:34:15,635 - INFO - scraper - Data of bigbasket - 10000200  stored  Successfully
2018-10-03 01:34:16,049 - INFO - scraper - Data of bigbasket - 10000200  stored  Successfully
2018-10-03 01:34:16,467 - INFO - scraper - Data of bigbasket - 10000200  stored  Successfully
2018-10-03 01:38:40,229 - INFO - scraper - Data of bigbasket - 1203781  stored  Successfully
2018-10-03 01:38:40,901 - INFO - scraper - Data of bigbasket - 1203781  stored  Successfully
2018-10-03 01:38:41,290 - INFO - scraper - Data of bigbasket - 1203781  stored  Successfully
2018-10-03 01:38:41,333 - INFO - __main__ - Scraping for grofers started.
2018-10-03 01:38:59,576 - INFO - scraper - Data of amazon - B07DLBXGF1  stored  Successfully
2018-10-03 01:38:59,989 - INFO - scraper - Data of amazon - B01MSTFSXA  stored  Successfully
2018-10-03 01:39:00,049 - INFO - scraper - Data of amazon - B07DLBXGF1  stored  Successfully
2018-10-03 01:39:00,109 - INFO - scraper - Data of amazon - B01MTUXLEQ  stored  Successfully
2018-10-03 01:39:00,171 - INFO - scraper - Data of amazon - B01K4F5KWS  stored  Successfully
2018-10-03 01:39:00,239 - INFO - scraper - Data of amazon - B07DLGX4KK  stored  Successfully
2018-10-03 01:39:00,320 - INFO - scraper - Data of amazon - B01K4F45LU  stored  Successfully
2018-10-03 01:39:00,411 - INFO - scraper - Data of amazon - B01K4F5KWS  stored  Successfully
2018-10-03 01:39:00,494 - INFO - scraper - Data of amazon - B01K4F4QG4  stored  Successfully
2018-10-03 01:39:00,981 - INFO - scraper - Data of amazon - B01K4F78NC  stored  Successfully
2018-10-03 01:39:01,081 - INFO - scraper - Data of amazon - B01K4F4B9Q  stored  Successfully
2018-10-03 01:39:01,177 - INFO - scraper - Data of amazon - B01K4F5KWS  stored  Successfully
2018-10-03 01:39:01,249 - INFO - scraper - Data of amazon - B01K4F4QG4  stored  Successfully
2018-10-03 01:39:01,400 - INFO - scraper - Data of amazon - B01K4F4VXC  stored  Successfully
2018-10-03 01:39:01,535 - INFO - scraper - Data of amazon - B01K4F6SHO  stored  Successfully
2018-10-03 01:39:01,579 - INFO - scraper - Data of amazon - B01K4F4VXC  stored  Successfully
2018-10-03 01:39:01,649 - INFO - scraper - Data of amazon - B01K4F6SHO  stored  Successfully
2018-10-03 01:39:01,721 - INFO - scraper - Data of amazon - B01K4F4VXC  stored  Successfully
2018-10-03 01:39:01,930 - INFO - scraper - Data of amazon - B01K4F4B9Q  stored  Successfully
2018-10-03 01:39:02,028 - INFO - scraper - Data of amazon - B01K4F4VXC  stored  Successfully
2018-10-03 01:39:02,115 - INFO - scraper - Data of amazon - B01MQQDL4A  stored  Successfully
2018-10-03 01:39:02,210 - INFO - scraper - Data of amazon - B01K4F5KWS  stored  Successfully
2018-10-03 01:39:02,265 - INFO - scraper - Data of amazon - B01MTUXLEQ  stored  Successfully
2018-10-03 01:39:02,352 - INFO - scraper - Data of amazon - B01K4F6SHO  stored  Successfully
2018-10-03 01:39:02,425 - INFO - scraper - Data of amazon - B01K4F45LU  stored  Successfully
2018-10-03 01:39:02,565 - INFO - scraper - Data of amazon - B01K4F7IWS  stored  Successfully
2018-10-03 01:39:03,060 - INFO - scraper - Data of amazon - B01K4F72RY  stored  Successfully
2018-10-03 01:39:03,199 - INFO - scraper - Data of amazon - B01K4F6N2E  stored  Successfully
2018-10-03 01:39:03,569 - INFO - scraper - Data of amazon - B01K4F7IWS  stored  Successfully
2018-10-03 01:39:03,708 - INFO - scraper - Data of amazon - B01K4F4G4Q  stored  Successfully
2018-10-03 01:39:03,757 - INFO - scraper - Data of amazon - B01HBFVM94  stored  Successfully
2018-10-03 01:39:03,821 - INFO - scraper - Data of amazon - B01HBFXGO8  stored  Successfully
2018-10-03 01:39:03,925 - INFO - scraper - Data of amazon - B01K4F7DMS  stored  Successfully
2018-10-03 01:39:03,997 - INFO - scraper - Data of amazon - B01K4F7DMS  stored  Successfully
2018-10-03 01:39:04,098 - INFO - scraper - Data of amazon - B01K4F50P0  stored  Successfully
2018-10-03 01:39:04,188 - INFO - scraper - Data of amazon - B01K4F50P0  stored  Successfully
2018-10-03 01:39:04,257 - INFO - scraper - Data of amazon - B01MXSK7QM  stored  Successfully
2018-10-03 01:39:04,334 - INFO - scraper - Data of amazon - B01MXSK7QM  stored  Successfully
2018-10-03 01:39:04,476 - INFO - scraper - Data of amazon - B01K4F4L96  stored  Successfully
2018-10-03 01:39:04,546 - INFO - scraper - Data of amazon - B01K4F78NC  stored  Successfully
2018-10-03 01:39:04,630 - INFO - scraper - Data of amazon - B01K4F3W00  stored  Successfully
2018-10-03 01:39:04,712 - INFO - scraper - Data of amazon - B01K4F59E2  stored  Successfully
2018-10-03 01:39:04,789 - INFO - scraper - Data of amazon - B01K4F3NPE  stored  Successfully
2018-10-03 01:39:04,876 - INFO - scraper - Data of amazon - B01HBFXGO8  stored  Successfully
2018-10-03 01:39:04,983 - INFO - scraper - Data of amazon - B01K4F3W00  stored  Successfully
2018-10-03 01:39:05,033 - INFO - scraper - Data of amazon - B07BGC5C1Z  stored  Successfully
2018-10-03 01:39:05,125 - INFO - scraper - Data of amazon - B01MQQDL4A  stored  Successfully
2018-10-03 01:39:05,369 - INFO - scraper - Data of amazon - B01K4F4G4Q  stored  Successfully
2018-10-03 01:39:05,596 - INFO - scraper - Data of amazon - B01K4F4G4Q  stored  Successfully
2018-10-03 01:39:05,724 - INFO - scraper - Data of amazon - B01K4F40JW  stored  Successfully
2018-10-03 01:39:05,907 - INFO - scraper - Data of grofers - 389731  stored  Successfully
2018-10-03 01:39:05,987 - INFO - scraper - Data of amazon - B01N0GN72Y  stored  Successfully
2018-10-03 01:39:06,198 - INFO - scraper - Data of amazon - B01K4F6CBG  stored  Successfully
2018-10-03 01:39:07,630 - INFO - scraper - Data of amazon - B01K4F5R3K  stored  Successfully
2018-10-03 01:39:08,181 - INFO - scraper - Data of amazon - B01K4F3IVS  stored  Successfully
2018-10-03 01:39:09,486 - INFO - scraper - Data of amazon - B07BGC43KD  stored  Successfully
2018-10-03 01:39:09,626 - INFO - scraper - Data of amazon - B01K4F50P0  stored  Successfully
2018-10-03 01:39:09,704 - INFO - scraper - Data of amazon - B01K4F2DQO  stored  Successfully
2018-10-03 01:39:10,264 - INFO - scraper - Data of amazon - B078SFTDTY  stored  Successfully
2018-10-03 01:39:10,356 - INFO - scraper - Data of amazon - B07BGCWY83  stored  Successfully
2018-10-03 01:39:10,463 - INFO - scraper - Data of amazon - B01K4F5WI0  stored  Successfully
2018-10-03 01:39:10,587 - INFO - scraper - Data of amazon - B01K4F3EYO  stored  Successfully
2018-10-03 01:39:10,683 - INFO - scraper - Data of amazon - B01K4F2DQO  stored  Successfully
2018-10-03 01:39:10,831 - INFO - scraper - Data of grofers - 391655  stored  Successfully
2018-10-03 01:39:12,136 - INFO - scraper - Data of amazon - B01K4F2TN6  stored  Successfully
2018-10-03 01:39:12,232 - INFO - scraper - Data of amazon - B07BGCNMBB  stored  Successfully
2018-10-03 01:39:12,361 - INFO - scraper - Data of amazon - B01N0L50QX  stored  Successfully
2018-10-03 01:39:12,480 - INFO - scraper - Data of amazon - B07BGD2283  stored  Successfully
2018-10-03 01:39:12,639 - INFO - scraper - Data of amazon - B01HBFVM94  stored  Successfully
2018-10-03 01:39:12,724 - INFO - scraper - Data of amazon - B01K4F3NPE  stored  Successfully
2018-10-03 01:39:12,818 - INFO - scraper - Data of amazon - B01N0L50QX  stored  Successfully
2018-10-03 01:39:13,057 - INFO - scraper - Data of amazon - B078SFQVBR  stored  Successfully
2018-10-03 01:39:13,444 - INFO - scraper - Data of amazon - B01HBF5WBI  stored  Successfully
2018-10-03 01:39:13,517 - INFO - scraper - Data of amazon - B01N0L50QX  stored  Successfully
2018-10-03 01:39:13,635 - INFO - scraper - Data of amazon - B01K4F2XVO  stored  Successfully
2018-10-03 01:39:13,742 - INFO - scraper - Data of amazon - B01MQQDL4A  stored  Successfully
2018-10-03 01:39:13,809 - INFO - scraper - Data of amazon - B01K4F55BE  stored  Successfully
2018-10-03 01:39:13,864 - INFO - scraper - Data of amazon - B01NBEWANN  stored  Successfully
2018-10-03 01:39:14,004 - INFO - scraper - Data of amazon - B01HBF5WBI  stored  Successfully
2018-10-03 01:39:14,210 - INFO - scraper - Data of amazon - B01HBEQ006  stored  Successfully
2018-10-03 01:39:14,289 - INFO - scraper - Data of amazon - B078SDRVXY  stored  Successfully
2018-10-03 01:39:14,356 - INFO - scraper - Data of amazon - B01K4F55BE  stored  Successfully
2018-10-03 01:39:14,478 - INFO - scraper - Data of amazon - B01HBFSSUK  stored  Successfully
2018-10-03 01:39:14,609 - INFO - scraper - Data of amazon - B01K4F6N2E  stored  Successfully
2018-10-03 01:39:14,700 - INFO - scraper - Data of amazon - B01N0GN72Y  stored  Successfully
2018-10-03 01:39:14,963 - INFO - scraper - Data of amazon - B01HBEUAI4  stored  Successfully
2018-10-03 01:39:15,051 - INFO - scraper - Data of amazon - B01K4F40JW  stored  Successfully
2018-10-03 01:39:15,133 - INFO - scraper - Data of amazon - B01HBFUCTA  stored  Successfully
2018-10-03 01:39:15,212 - INFO - scraper - Data of amazon - B01K4F50P0  stored  Successfully
2018-10-03 01:39:15,300 - INFO - scraper - Data of amazon - B078SFTDTY  stored  Successfully
2018-10-03 01:39:15,362 - INFO - scraper - Data of amazon - B01N6MVEN4  stored  Successfully
2018-10-03 01:39:15,452 - INFO - scraper - Data of amazon - B01HBEQ006  stored  Successfully
2018-10-03 01:39:15,575 - INFO - scraper - Data of amazon - B01HBEUAI4  stored  Successfully
2018-10-03 01:39:15,691 - INFO - scraper - Data of amazon - B01K4F62HK  stored  Successfully
2018-10-03 01:39:15,762 - INFO - scraper - Data of amazon - B01K4F3264  stored  Successfully
2018-10-03 01:39:15,860 - INFO - scraper - Data of amazon - B07B6H75SQ  stored  Successfully
2018-10-03 01:39:15,964 - INFO - scraper - Data of amazon - B01K4F6SHO  stored  Successfully
2018-10-03 01:39:16,023 - INFO - scraper - Data of amazon - B01HBF5WBI  stored  Successfully
2018-10-03 01:39:16,120 - INFO - scraper - Data of amazon - B01K4F72RY  stored  Successfully
2018-10-03 01:39:16,222 - INFO - scraper - Data of amazon - B01K4F6HJ8  stored  Successfully
2018-10-03 01:39:16,823 - INFO - scraper - Data of amazon - B01K4F55BE  stored  Successfully
2018-10-03 01:39:16,931 - INFO - scraper - Data of amazon - B01K4F5FIC  stored  Successfully
2018-10-03 01:39:17,115 - INFO - scraper - Data of amazon - B01K4F3EYO  stored  Successfully
2018-10-03 01:39:17,184 - INFO - scraper - Data of amazon - B07BGCZCB3  stored  Successfully
2018-10-03 01:39:17,245 - INFO - scraper - Data of amazon - B07BGCB6M7  stored  Successfully
2018-10-03 01:39:17,328 - INFO - scraper - Data of amazon - B07BGCB6M7  stored  Successfully
2018-10-03 01:39:17,424 - INFO - scraper - Data of amazon - B01N59O6RL  stored  Successfully
2018-10-03 01:39:17,520 - INFO - scraper - Data of amazon - B01K4F5R3K  stored  Successfully
2018-10-03 01:39:17,580 - INFO - scraper - Data of amazon - B01K4F3W00  stored  Successfully
2018-10-03 01:39:17,674 - INFO - scraper - Data of amazon - B07BGC5C1Z  stored  Successfully
2018-10-03 01:39:17,810 - INFO - scraper - Data of amazon - B01K4F4VXC  stored  Successfully
2018-10-03 01:39:17,873 - INFO - scraper - Data of amazon - B01N59O6RL  stored  Successfully
2018-10-03 01:39:18,155 - INFO - scraper - Data of amazon - B01MRRRUJK  stored  Successfully
2018-10-03 01:39:18,296 - INFO - scraper - Data of amazon - B01N4893Q0  stored  Successfully
2018-10-03 01:39:18,541 - INFO - scraper - Data of amazon - B01HBFUCTA  stored  Successfully
2018-10-03 01:39:18,676 - INFO - scraper - Data of amazon - B07BGC43KD  stored  Successfully
2018-10-03 01:39:18,911 - INFO - scraper - Data of amazon - B01MRRRUJK  stored  Successfully
2018-10-03 01:39:19,181 - INFO - scraper - Data of amazon - B01HBFUCTA  stored  Successfully
2018-10-03 01:39:19,293 - INFO - scraper - Data of amazon - B078SDRVXY  stored  Successfully
2018-10-03 01:39:19,353 - INFO - scraper - Data of amazon - B01K4F6HJ8  stored  Successfully
2018-10-03 01:39:19,436 - INFO - scraper - Data of amazon - B01K4F3264  stored  Successfully
2018-10-03 01:39:19,520 - INFO - scraper - Data of amazon - B01K4F59E2  stored  Successfully
2018-10-03 01:39:19,564 - INFO - scraper - Data of grofers - 377444  stored  Successfully
2018-10-03 01:39:19,675 - INFO - scraper - Data of amazon - B07BGC61TC  stored  Successfully
2018-10-03 01:39:19,731 - INFO - scraper - Data of amazon - B01K4F5WI0  stored  Successfully
2018-10-03 01:39:19,778 - INFO - scraper - Data of amazon - B01N59O6RL  stored  Successfully
2018-10-03 01:39:19,876 - INFO - scraper - Data of amazon - B01K4F4VXC  stored  Successfully
2018-10-03 01:39:19,951 - INFO - scraper - Data of amazon - B01K4F62HK  stored  Successfully
2018-10-03 01:39:20,026 - INFO - scraper - Data of amazon - B01MSTFSXA  stored  Successfully
2018-10-03 01:39:20,103 - INFO - scraper - Data of amazon - B07BGD2283  stored  Successfully
2018-10-03 01:39:20,182 - INFO - scraper - Data of amazon - B01MQQDL4A  stored  Successfully
2018-10-03 01:39:20,261 - INFO - scraper - Data of amazon - B01K4F5FIC  stored  Successfully
2018-10-03 01:39:20,355 - INFO - scraper - Data of amazon - B01K4F3NPE  stored  Successfully
2018-10-03 01:39:20,428 - INFO - scraper - Data of amazon - B01K4F3S72  stored  Successfully
2018-10-03 01:39:20,501 - INFO - scraper - Data of amazon - B01K4F66YY  stored  Successfully
2018-10-03 01:39:20,574 - INFO - scraper - Data of amazon - B01K4F4G4Q  stored  Successfully
2018-10-03 01:39:20,631 - INFO - scraper - Data of amazon - B078SFQVBR  stored  Successfully
2018-10-03 01:39:20,724 - INFO - scraper - Data of amazon - B07DLMRVBY  stored  Successfully
2018-10-03 01:39:20,788 - INFO - scraper - Data of amazon - B07BGCNMBB  stored  Successfully
2018-10-03 01:39:20,865 - INFO - scraper - Data of amazon - B01N6MVEN4  stored  Successfully
2018-10-03 01:39:20,924 - INFO - scraper - Data of amazon - B01N4893Q0  stored  Successfully
2018-10-03 01:39:20,979 - INFO - scraper - Data of amazon - B01HBFTGPQ  stored  Successfully
2018-10-03 01:39:21,035 - INFO - scraper - Data of amazon - B01HBFTGPQ  stored  Successfully
2018-10-03 01:39:21,107 - INFO - scraper - Data of amazon - B01HBFXKO4  stored  Successfully
2018-10-03 01:39:21,179 - INFO - scraper - Data of amazon - B07B6H75SQ  stored  Successfully
2018-10-03 01:39:21,234 - INFO - scraper - Data of amazon - B07BGCZCB3  stored  Successfully
2018-10-03 01:39:21,290 - INFO - scraper - Data of amazon - B01K4F6CBG  stored  Successfully
2018-10-03 01:39:21,351 - INFO - scraper - Data of amazon - B01HBFSSUK  stored  Successfully
2018-10-03 01:39:21,426 - INFO - scraper - Data of amazon - B01MQQDJ2K  stored  Successfully
2018-10-03 01:39:21,485 - INFO - scraper - Data of amazon - B01NBEWANN  stored  Successfully
2018-10-03 01:39:21,696 - INFO - scraper - Data of amazon - B01HBFTGPQ  stored  Successfully
2018-10-03 01:39:21,785 - INFO - scraper - Data of amazon - B01K4F3NPE  stored  Successfully
2018-10-03 01:39:21,832 - INFO - scraper - Data of amazon - B01K4F2XVO  stored  Successfully
2018-10-03 01:39:22,116 - INFO - scraper - Data of amazon - B01N0L50QX  stored  Successfully
2018-10-03 01:39:22,203 - INFO - scraper - Data of amazon - B01HBF5WBI  stored  Successfully
2018-10-03 01:39:22,337 - INFO - scraper - Data of amazon - B01K4F3APM  stored  Successfully
2018-10-03 01:39:22,407 - INFO - scraper - Data of amazon - B01K4F7QWU  stored  Successfully
2018-10-03 01:39:22,468 - INFO - scraper - Data of amazon - B01N7CJHBT  stored  Successfully
2018-10-03 01:39:22,583 - INFO - scraper - Data of amazon - B01HBFSSUK  stored  Successfully
2018-10-03 01:39:22,653 - INFO - scraper - Data of amazon - B01K4F3S72  stored  Successfully
2018-10-03 01:39:22,742 - INFO - scraper - Data of amazon - B01K4F4L96  stored  Successfully
2018-10-03 01:39:22,801 - INFO - scraper - Data of amazon - B01K4F7QWU  stored  Successfully
2018-10-03 01:39:22,869 - INFO - scraper - Data of amazon - B01K4F3W00  stored  Successfully
2018-10-03 01:39:23,147 - INFO - scraper - Data of amazon - B01K4F66YY  stored  Successfully
2018-10-03 01:39:23,225 - INFO - scraper - Data of amazon - B07B6H751L  stored  Successfully
2018-10-03 01:39:23,294 - INFO - scraper - Data of amazon - B01MQQDJ2K  stored  Successfully
2018-10-03 01:39:23,369 - INFO - scraper - Data of amazon - B01K4F2TN6  stored  Successfully
2018-10-03 01:39:23,428 - INFO - scraper - Data of amazon - B01HBFSSUK  stored  Successfully
2018-10-03 01:39:23,507 - INFO - scraper - Data of amazon - B01K4F3IVS  stored  Successfully
2018-10-03 01:39:23,586 - INFO - scraper - Data of amazon - B01N59O6RL  stored  Successfully
2018-10-03 01:39:23,641 - INFO - scraper - Data of amazon - B07DLGX4KK  stored  Successfully
2018-10-03 01:39:23,750 - INFO - scraper - Data of amazon - B07BGC61TC  stored  Successfully
2018-10-03 01:39:23,831 - INFO - scraper - Data of amazon - B07B6H751L  stored  Successfully
2018-10-03 01:39:23,896 - INFO - scraper - Data of amazon - B07DLMRVBY  stored  Successfully
2018-10-03 01:39:23,997 - INFO - scraper - Data of amazon - B01K4F3APM  stored  Successfully
2018-10-03 01:39:24,088 - INFO - scraper - Data of amazon - B01HBFUCTA  stored  Successfully
2018-10-03 01:39:24,141 - INFO - scraper - Data of amazon - B01HBFTGPQ  stored  Successfully
2018-10-03 01:39:24,213 - INFO - scraper - Data of amazon - B01K4F5FIC  stored  Successfully
2018-10-03 01:39:24,267 - INFO - scraper - Data of amazon - B07BGCWY83  stored  Successfully
2018-10-03 01:39:24,324 - INFO - scraper - Data of amazon - B01HBFXKO4  stored  Successfully
2018-10-03 01:39:24,725 - INFO - scraper - Data of amazon - B01K4F55BE  stored  Successfully
2018-10-03 01:39:24,825 - INFO - scraper - Data of amazon - B01N7CJHBT  stored  Successfully
2018-10-03 01:39:24,895 - INFO - scraper - Data of amazon - B01K4F5FIC  stored  Successfully
2018-10-03 01:39:32,548 - INFO - scraper - Mail Sent successfully
2018-10-03 10:21:23,302 - INFO - scraper - Database Connection Established
2018-10-03 10:21:23,318 - INFO - __main__ - Database Connection Established
2018-10-03 10:21:23,397 - INFO - __main__ - Session Started
2018-10-03 10:21:23,397 - INFO - __main__ - Scraping for amazon started.
2018-10-03 10:21:37,783 - INFO - scraper - Cookies Cleared Successfully
2018-10-03 10:22:12,663 - INFO - scraper - Location changed to 3 in Amz
2018-10-03 10:22:12,694 - INFO - scraper - New Chromw cookies Collected
2018-10-03 10:22:24,471 - INFO - __main__ - Scraping for bigbasket started.
2018-10-03 10:22:38,010 - INFO - scraper - Cookies Cleared Successfully
2018-10-03 10:23:51,554 - INFO - scraper - Location changed to 7 in Bbs
2018-10-03 10:23:53,621 - INFO - scraper - New Chromw cookies Collected
2018-10-03 10:23:53,636 - ERROR - scraper - Mail not sent
2018-10-03 10:23:53,833 - CRITICAL - scraper - Session Unsucessfull
2018-10-03 10:28:16,718 - INFO - scraper - Database Connection Established
2018-10-03 10:28:16,734 - INFO - __main__ - Database Connection Established
2018-10-03 10:28:16,875 - INFO - __main__ - Session Started
2018-10-03 10:28:16,875 - INFO - __main__ - Scraping for amazon started.
2018-10-03 10:28:30,511 - INFO - scraper - Cookies Cleared Successfully
2018-10-03 10:29:06,638 - INFO - scraper - Location changed to 3 in Amz
2018-10-03 10:29:06,706 - INFO - scraper - New Chromw cookies Collected
2018-10-03 10:29:16,586 - INFO - __main__ - Scraping for bigbasket started.
2018-10-03 10:29:30,788 - INFO - scraper - Cookies Cleared Successfully
2018-10-03 10:30:43,385 - INFO - scraper - Location changed to 7 in Bbs
2018-10-03 10:30:45,617 - INFO - scraper - New Chromw cookies Collected
2018-10-03 10:30:45,822 - ERROR - __main__ - Message: invalid session id
  (Driver info: chromedriver=2.42.591088 (7b2b2dca23cca0862f674758c9a3933e685c27d5),platform=Windows NT 6.1.7601 SP1 x86_64)
Traceback (most recent call last):
  File "C:\Users\Vivek Iyer\Desktop\FINAL_PROJECT\semifinal\web-scrapper\scraper\spiders\main_program.py", line 114, in <module>
    flag=scraper.ChangeLocationBbs(pincode, store, base_url, location_id, store_id, sku, area, session_id)
  File "C:\Users\Vivek Iyer\Desktop\FINAL_PROJECT\semifinal\web-scrapper\scraper\spiders\scraper.py", line 227, in ChangeLocationBbs
    browser.close()
  File "C:\Anaconda3\lib\site-packages\selenium\webdriver\remote\webdriver.py", line 687, in close
    self.execute(Command.CLOSE)
  File "C:\Anaconda3\lib\site-packages\selenium\webdriver\remote\webdriver.py", line 320, in execute
    self.error_handler.check_response(response)
  File "C:\Anaconda3\lib\site-packages\selenium\webdriver\remote\errorhandler.py", line 242, in check_response
    raise exception_class(message, screen, stacktrace)
selenium.common.exceptions.WebDriverException: Message: invalid session id
  (Driver info: chromedriver=2.42.591088 (7b2b2dca23cca0862f674758c9a3933e685c27d5),platform=Windows NT 6.1.7601 SP1 x86_64)

2018-10-03 10:30:45,843 - ERROR - scraper - Mail not sent
2018-10-03 10:30:45,895 - CRITICAL - scraper - Session Unsucessfull
2018-10-03 10:36:42,897 - INFO - scraper - Database Connection Established
2018-10-03 10:36:42,913 - INFO - __main__ - Database Connection Established
2018-10-03 10:36:43,116 - INFO - __main__ - Session Started
2018-10-03 10:36:43,121 - INFO - __main__ - Scraping for amazon started.
2018-10-03 10:36:47,267 - INFO - __main__ - Scraping for bigbasket started.
2018-10-03 10:37:04,659 - INFO - scraper - Data of bigbasket - 10000200  stored  Successfully
2018-10-03 10:37:07,150 - INFO - scraper - Data of bigbasket - 10000200  stored  Successfully
2018-10-03 10:37:08,359 - INFO - scraper - Data of bigbasket - 10000200  stored  Successfully
2018-10-03 10:37:26,833 - INFO - scraper - Data of bigbasket - 10000178  stored  Successfully
2018-10-03 10:37:29,582 - INFO - scraper - Data of bigbasket - 10000178  stored  Successfully
2018-10-03 10:37:30,419 - INFO - scraper - Data of bigbasket - 10000178  stored  Successfully
2018-10-03 10:37:53,665 - INFO - scraper - Data of bigbasket - 10000068  stored  Successfully
2018-10-03 10:37:54,795 - INFO - scraper - Data of bigbasket - 10000068  stored  Successfully
2018-10-03 10:37:55,734 - INFO - scraper - Data of bigbasket - 10000068  stored  Successfully
2018-10-03 10:37:55,814 - INFO - __main__ - Scraping for grofers started.
2018-10-03 10:38:09,589 - INFO - scraper - Cookies Cleared Successfully
2018-10-03 10:38:34,579 - INFO - scraper - Location changed to 6 in Grff
2018-10-03 10:38:40,750 - INFO - scraper - New Chromw cookies Collected
2018-10-03 10:38:54,348 - INFO - scraper - Data of amazon - B01K4F4VXC  stored  Successfully
2018-10-03 10:38:54,637 - INFO - scraper - Data of amazon - B01K4F55BE  stored  Successfully
2018-10-03 10:38:55,025 - INFO - scraper - Data of amazon - B01N0L50QX  stored  Successfully
2018-10-03 10:38:55,440 - INFO - scraper - Data of amazon - B01K4F5KWS  stored  Successfully
2018-10-03 10:38:56,186 - INFO - scraper - Data of amazon - B01K4F6N2E  stored  Successfully
2018-10-03 10:38:56,385 - INFO - scraper - Data of amazon - B01N0L50QX  stored  Successfully
2018-10-03 10:38:56,520 - INFO - scraper - Data of amazon - B01K4F4VXC  stored  Successfully
2018-10-03 10:38:56,707 - INFO - scraper - Data of amazon - B01K4F5KWS  stored  Successfully
2018-10-03 10:38:56,884 - INFO - scraper - Data of amazon - B01N6MVEN4  stored  Successfully
2018-10-03 10:38:57,117 - INFO - scraper - Data of amazon - B01K4F45LU  stored  Successfully
2018-10-03 10:38:57,349 - INFO - scraper - Data of amazon - B01K4F3S72  stored  Successfully
2018-10-03 10:38:57,550 - INFO - scraper - Data of amazon - B01N7CJHBT  stored  Successfully
2018-10-03 10:38:57,748 - INFO - scraper - Data of amazon - B01HBFVM94  stored  Successfully
2018-10-03 10:38:57,925 - INFO - scraper - Data of amazon - B01K4F5WI0  stored  Successfully
2018-10-03 10:38:58,115 - INFO - scraper - Data of amazon - B07DLBXGF1  stored  Successfully
2018-10-03 10:38:58,313 - INFO - scraper - Data of amazon - B01K4F3NPE  stored  Successfully
2018-10-03 10:38:58,546 - INFO - scraper - Data of amazon - B01K4F3264  stored  Successfully
2018-10-03 10:38:58,777 - INFO - scraper - Data of amazon - B01K4F6SHO  stored  Successfully
2018-10-03 10:38:59,578 - INFO - scraper - Data of amazon - B01N4893Q0  stored  Successfully
2018-10-03 10:38:59,754 - INFO - scraper - Data of amazon - B01K4F62HK  stored  Successfully
2018-10-03 10:38:59,951 - INFO - scraper - Data of amazon - B01K4F4QG4  stored  Successfully
2018-10-03 10:39:00,241 - INFO - scraper - Data of amazon - B01MQQDL4A  stored  Successfully
2018-10-03 10:39:00,396 - INFO - scraper - Data of amazon - B01K4F6SHO  stored  Successfully
2018-10-03 10:39:00,582 - INFO - scraper - Data of amazon - B01MTUXLEQ  stored  Successfully
2018-10-03 10:39:00,893 - INFO - scraper - Data of amazon - B01K4F72RY  stored  Successfully
2018-10-03 10:39:01,048 - INFO - scraper - Data of amazon - B01K4F6HJ8  stored  Successfully
2018-10-03 10:39:01,288 - INFO - scraper - Data of amazon - B01K4F4G4Q  stored  Successfully
2018-10-03 10:39:01,481 - INFO - scraper - Data of amazon - B01K4F3NPE  stored  Successfully
2018-10-03 10:39:01,681 - INFO - scraper - Data of amazon - B07DLGX4KK  stored  Successfully
2018-10-03 10:39:01,899 - INFO - scraper - Data of amazon - B01MRRRUJK  stored  Successfully
2018-10-03 10:39:02,132 - INFO - scraper - Data of amazon - B07BGC43KD  stored  Successfully
2018-10-03 10:39:02,401 - INFO - scraper - Data of amazon - B01K4F5R3K  stored  Successfully
2018-10-03 10:39:02,653 - INFO - scraper - Data of amazon - B01MSTFSXA  stored  Successfully
2018-10-03 10:39:02,831 - INFO - scraper - Data of amazon - B01N59O6RL  stored  Successfully
2018-10-03 10:39:03,265 - INFO - scraper - Data of amazon - B01K4F78NC  stored  Successfully
2018-10-03 10:39:03,567 - INFO - scraper - Data of amazon - B01K4F4B9Q  stored  Successfully
2018-10-03 10:39:03,784 - INFO - scraper - Data of amazon - B01K4F66YY  stored  Successfully
2018-10-03 10:39:03,968 - INFO - scraper - Data of amazon - B01MQQDJ2K  stored  Successfully
2018-10-03 10:39:04,679 - INFO - scraper - Data of amazon - B01K4F5FIC  stored  Successfully
2018-10-03 10:39:06,816 - INFO - scraper - Data of grofers - 375919  stored  Successfully
2018-10-03 10:39:07,101 - INFO - scraper - Data of grofers - 114408  stored  Successfully
2018-10-03 10:39:08,022 - INFO - scraper - Data of amazon - B01N59O6RL  stored  Successfully
2018-10-03 10:39:08,232 - INFO - scraper - Data of amazon - B07B6H751L  stored  Successfully
2018-10-03 10:39:08,739 - INFO - scraper - Data of amazon - B01K4F7IWS  stored  Successfully
2018-10-03 10:39:08,918 - INFO - scraper - Data of amazon - B01K4F7QWU  stored  Successfully
2018-10-03 10:39:09,064 - INFO - scraper - Data of grofers - 389683  stored  Successfully
2018-10-03 10:39:09,331 - INFO - scraper - Data of amazon - B01K4F50P0  stored  Successfully
2018-10-03 10:39:09,648 - INFO - scraper - Data of amazon - B01HBEQ006  stored  Successfully
2018-10-03 10:39:10,216 - INFO - scraper - Data of amazon - B01K4F3IVS  stored  Successfully
2018-10-03 10:39:10,499 - INFO - scraper - Data of amazon - B01K4F6CBG  stored  Successfully
2018-10-03 10:39:10,712 - INFO - scraper - Data of amazon - B07B6H75SQ  stored  Successfully
2018-10-03 10:39:10,922 - INFO - scraper - Data of amazon - B07DLMRVBY  stored  Successfully
2018-10-03 10:39:11,231 - INFO - scraper - Data of amazon - B01HBFUCTA  stored  Successfully
2018-10-03 10:39:11,429 - INFO - scraper - Data of amazon - B01K4F3W00  stored  Successfully
2018-10-03 10:39:11,664 - INFO - scraper - Data of amazon - B078SFQVBR  stored  Successfully
2018-10-03 10:39:11,964 - INFO - scraper - Data of amazon - B07BGC5C1Z  stored  Successfully
2018-10-03 10:39:12,251 - INFO - scraper - Data of amazon - B01K4F3W00  stored  Successfully
2018-10-03 10:39:12,526 - INFO - scraper - Data of amazon - B01K4F59E2  stored  Successfully
2018-10-03 10:39:12,873 - INFO - scraper - Data of amazon - B07BGCZCB3  stored  Successfully
2018-10-03 10:39:13,247 - INFO - scraper - Data of amazon - B01K4F2TN6  stored  Successfully
2018-10-03 10:39:13,512 - INFO - scraper - Data of amazon - B01K4F5FIC  stored  Successfully
2018-10-03 10:39:14,080 - INFO - scraper - Data of amazon - B01MXSK7QM  stored  Successfully
2018-10-03 10:39:14,288 - INFO - scraper - Data of amazon - B01K4F2XVO  stored  Successfully
2018-10-03 10:39:15,395 - INFO - scraper - Data of amazon - B01HBFUCTA  stored  Successfully
2018-10-03 10:39:15,751 - INFO - scraper - Data of amazon - B01K4F7DMS  stored  Successfully
2018-10-03 10:39:16,156 - INFO - scraper - Data of amazon - B07BGCNMBB  stored  Successfully
2018-10-03 10:39:16,655 - INFO - scraper - Data of amazon - B01HBF5WBI  stored  Successfully
2018-10-03 10:39:16,843 - INFO - scraper - Data of amazon - B07BGCB6M7  stored  Successfully
2018-10-03 10:39:17,068 - INFO - scraper - Data of amazon - B01HBFTGPQ  stored  Successfully
2018-10-03 10:39:17,240 - INFO - scraper - Data of amazon - B01MQQDL4A  stored  Successfully
2018-10-03 10:39:17,523 - INFO - scraper - Data of amazon - B078SDRVXY  stored  Successfully
2018-10-03 10:39:17,719 - INFO - scraper - Data of amazon - B01HBEUAI4  stored  Successfully
2018-10-03 10:39:17,884 - INFO - scraper - Data of amazon - B07BGD2283  stored  Successfully
2018-10-03 10:39:18,129 - INFO - scraper - Data of amazon - B01NBEWANN  stored  Successfully
2018-10-03 10:39:18,307 - INFO - scraper - Data of amazon - B01HBFXKO4  stored  Successfully
2018-10-03 10:39:18,442 - INFO - scraper - Data of amazon - B01N0GN72Y  stored  Successfully
2018-10-03 10:39:18,674 - INFO - scraper - Data of amazon - B01K4F2DQO  stored  Successfully
2018-10-03 10:39:19,301 - INFO - scraper - Data of amazon - B07BGC61TC  stored  Successfully
2018-10-03 10:39:20,286 - INFO - scraper - Data of amazon - B01HBFSSUK  stored  Successfully
2018-10-03 10:39:20,607 - INFO - scraper - Data of amazon - B01K4F40JW  stored  Successfully
2018-10-03 10:39:20,815 - INFO - scraper - Data of amazon - B01K4F3EYO  stored  Successfully
2018-10-03 10:39:21,123 - INFO - scraper - Data of amazon - B07BGCWY83  stored  Successfully
2018-10-03 10:39:21,375 - INFO - scraper - Data of amazon - B01HBFSSUK  stored  Successfully
2018-10-03 10:39:21,575 - INFO - scraper - Data of amazon - B01K4F50P0  stored  Successfully
2018-10-03 10:39:21,991 - INFO - scraper - Data of amazon - B01K4F3APM  stored  Successfully
2018-10-03 10:39:22,170 - INFO - scraper - Data of amazon - B01K4F4G4Q  stored  Successfully
2018-10-03 10:39:22,380 - INFO - scraper - Data of amazon - B01K4F4VXC  stored  Successfully
2018-10-03 10:39:23,889 - INFO - scraper - Data of amazon - B01K4F55BE  stored  Successfully
2018-10-03 10:39:24,151 - INFO - scraper - Data of amazon - B01HBFTGPQ  stored  Successfully
2018-10-03 10:39:24,385 - INFO - scraper - Data of amazon - B01HBF5WBI  stored  Successfully
2018-10-03 10:39:24,622 - INFO - scraper - Data of amazon - B078SFTDTY  stored  Successfully
2018-10-03 10:39:24,922 - INFO - scraper - Data of amazon - B01HBFXGO8  stored  Successfully
2018-10-03 10:39:25,262 - INFO - scraper - Data of amazon - B01K4F4L96  stored  Successfully
2018-10-03 10:39:32,292 - INFO - scraper - Mail Sent successfully
2018-10-03 10:39:32,295 - INFO - scraper - Session Successful
2018-10-03 10:40:56,219 - INFO - scraper - Database Connection Established
2018-10-03 10:40:56,232 - INFO - __main__ - Database Connection Established
2018-10-03 10:40:56,352 - INFO - __main__ - Session Started
2018-10-03 10:40:56,460 - INFO - __main__ - Scraping for amazon started.
2018-10-03 10:41:01,791 - INFO - __main__ - Scraping for bigbasket started.
2018-10-03 10:41:15,904 - INFO - scraper - Cookies Cleared Successfully
2018-10-03 10:42:31,231 - INFO - scraper - Location changed to 7 in Bbs
2018-10-03 10:42:31,300 - INFO - scraper - New Chromw cookies Collected
2018-10-03 10:42:31,553 - ERROR - __main__ - Message: invalid session id
  (Driver info: chromedriver=2.42.591088 (7b2b2dca23cca0862f674758c9a3933e685c27d5),platform=Windows NT 6.1.7601 SP1 x86_64)
Traceback (most recent call last):
  File "C:\Users\Vivek Iyer\Desktop\FINAL_PROJECT\semifinal\web-scrapper\scraper\spiders\main_program.py", line 114, in <module>
    scraper.ChangeLocationBbs(pincode, store, base_url, location_id, store_id, sku, area, session_id)
  File "C:\Users\Vivek Iyer\Desktop\FINAL_PROJECT\semifinal\web-scrapper\scraper\spiders\scraper.py", line 227, in ChangeLocationBbs
    browser.close()
  File "C:\Anaconda3\lib\site-packages\selenium\webdriver\remote\webdriver.py", line 687, in close
    self.execute(Command.CLOSE)
  File "C:\Anaconda3\lib\site-packages\selenium\webdriver\remote\webdriver.py", line 320, in execute
    self.error_handler.check_response(response)
  File "C:\Anaconda3\lib\site-packages\selenium\webdriver\remote\errorhandler.py", line 242, in check_response
    raise exception_class(message, screen, stacktrace)
selenium.common.exceptions.WebDriverException: Message: invalid session id
  (Driver info: chromedriver=2.42.591088 (7b2b2dca23cca0862f674758c9a3933e685c27d5),platform=Windows NT 6.1.7601 SP1 x86_64)

2018-10-03 10:42:31,561 - ERROR - scraper - Mail not sent
2018-10-03 10:42:31,618 - CRITICAL - scraper - Session Unsucessfull
2018-10-03 10:45:28,843 - INFO - scraper - Database Connection Established
2018-10-03 10:45:28,856 - INFO - __main__ - Database Connection Established
2018-10-03 10:45:29,044 - INFO - __main__ - Session Started
2018-10-03 10:45:29,047 - INFO - __main__ - Scraping for amazon started.
2018-10-03 10:45:53,206 - INFO - scraper - Database Connection Established
2018-10-03 10:45:53,226 - INFO - __main__ - Database Connection Established
2018-10-03 10:45:53,347 - INFO - __main__ - Session Started
2018-10-03 10:45:53,349 - INFO - __main__ - Scraping for amazon started.
2018-10-03 10:45:57,374 - INFO - __main__ - Scraping for bigbasket started.
2018-10-03 10:46:11,204 - INFO - scraper - Cookies Cleared Successfully
2018-10-03 10:46:20,892 - ERROR - scraper - list index out of range
2018-10-03 10:46:26,296 - CRITICAL - scraper - [Errno 2] No such file or directory: 'cookies/3_400025.pkl'
2018-10-03 10:46:26,385 - ERROR - __main__ - local variable 'driver' referenced before assignment
Traceback (most recent call last):
  File "C:\Users\Vivek Iyer\Desktop\FINAL_PROJECT\semifinal\web-scrapper\scraper\spiders\main_program.py", line 124, in <module>
    p = scraper.BbsSpider.scrape_item_with_variants(base_url, pincode, sku, location_id, store_id, store, area, session_id)
  File "C:\Users\Vivek Iyer\Desktop\FINAL_PROJECT\semifinal\web-scrapper\scraper\spiders\scraper.py", line 551, in scrape_item_with_variants
    driver.close()
UnboundLocalError: local variable 'driver' referenced before assignment
2018-10-03 10:46:26,393 - ERROR - scraper - Mail not sent
2018-10-03 10:46:26,495 - CRITICAL - scraper - Session Unsucessfull
2018-10-03 10:49:59,200 - INFO - scraper - Database Connection Established
2018-10-03 10:49:59,223 - INFO - __main__ - Database Connection Established
2018-10-03 10:49:59,374 - INFO - __main__ - Session Started
2018-10-03 10:49:59,374 - INFO - __main__ - Scraping for amazon started.
2018-10-03 10:50:03,451 - INFO - __main__ - Scraping for bigbasket started.
2018-10-03 10:50:21,114 - INFO - scraper - Cookies Cleared Successfully
2018-10-03 10:51:37,624 - INFO - scraper - Location changed to 7 in Bbs
2018-10-03 10:51:37,649 - INFO - scraper - New Chromw cookies Collected
2018-10-03 10:51:37,902 - ERROR - __main__ - Message: invalid session id
  (Driver info: chromedriver=2.42.591088 (7b2b2dca23cca0862f674758c9a3933e685c27d5),platform=Windows NT 6.1.7601 SP1 x86_64)
Traceback (most recent call last):
  File "C:\Users\Vivek Iyer\Desktop\FINAL_PROJECT\semifinal\web-scrapper\scraper\spiders\main_program.py", line 114, in <module>
    scraper.ChangeLocationBbs(pincode, store, base_url, location_id, store_id, sku, area, session_id)
  File "C:\Users\Vivek Iyer\Desktop\FINAL_PROJECT\semifinal\web-scrapper\scraper\spiders\scraper.py", line 227, in ChangeLocationBbs
    browser.close()
  File "C:\Anaconda3\lib\site-packages\selenium\webdriver\remote\webdriver.py", line 687, in close
    self.execute(Command.CLOSE)
  File "C:\Anaconda3\lib\site-packages\selenium\webdriver\remote\webdriver.py", line 320, in execute
    self.error_handler.check_response(response)
  File "C:\Anaconda3\lib\site-packages\selenium\webdriver\remote\errorhandler.py", line 242, in check_response
    raise exception_class(message, screen, stacktrace)
selenium.common.exceptions.WebDriverException: Message: invalid session id
  (Driver info: chromedriver=2.42.591088 (7b2b2dca23cca0862f674758c9a3933e685c27d5),platform=Windows NT 6.1.7601 SP1 x86_64)

2018-10-03 10:51:37,907 - ERROR - scraper - Mail not sent
2018-10-03 10:51:37,987 - CRITICAL - scraper - Session Unsucessfull
2018-10-03 10:54:11,693 - INFO - scraper - Database Connection Established
2018-10-03 10:54:11,706 - INFO - __main__ - Database Connection Established
2018-10-03 10:54:11,901 - INFO - __main__ - Session Started
2018-10-03 10:54:11,904 - INFO - __main__ - Scraping for amazon started.
2018-10-03 10:54:15,901 - INFO - __main__ - Scraping for bigbasket started.
2018-10-03 10:54:30,174 - INFO - scraper - Cookies Cleared Successfully
2018-10-03 10:55:33,241 - INFO - scraper - Location changed to 7 in Bbs
2018-10-03 10:55:33,507 - ERROR - scraper - Message: invalid session id
  (Driver info: chromedriver=2.42.591088 (7b2b2dca23cca0862f674758c9a3933e685c27d5),platform=Windows NT 6.1.7601 SP1 x86_64)

2018-10-03 10:55:33,633 - ERROR - __main__ - Message: invalid session id
  (Driver info: chromedriver=2.42.591088 (7b2b2dca23cca0862f674758c9a3933e685c27d5),platform=Windows NT 6.1.7601 SP1 x86_64)
Traceback (most recent call last):
  File "C:\Users\Vivek Iyer\Desktop\FINAL_PROJECT\semifinal\web-scrapper\scraper\spiders\scraper.py", line 197, in ChangeLocationBbs
    browser.close()
  File "C:\Anaconda3\lib\site-packages\selenium\webdriver\remote\webdriver.py", line 687, in close
    self.execute(Command.CLOSE)
  File "C:\Anaconda3\lib\site-packages\selenium\webdriver\remote\webdriver.py", line 320, in execute
    self.error_handler.check_response(response)
  File "C:\Anaconda3\lib\site-packages\selenium\webdriver\remote\errorhandler.py", line 242, in check_response
    raise exception_class(message, screen, stacktrace)
selenium.common.exceptions.WebDriverException: Message: invalid session id
  (Driver info: chromedriver=2.42.591088 (7b2b2dca23cca0862f674758c9a3933e685c27d5),platform=Windows NT 6.1.7601 SP1 x86_64)


During handling of the above exception, another exception occurred:

Traceback (most recent call last):
  File "C:\Users\Vivek Iyer\Desktop\FINAL_PROJECT\semifinal\web-scrapper\scraper\spiders\main_program.py", line 114, in <module>
    scraper.ChangeLocationBbs(pincode, store, base_url, location_id, store_id, sku, area, session_id)
  File "C:\Users\Vivek Iyer\Desktop\FINAL_PROJECT\semifinal\web-scrapper\scraper\spiders\scraper.py", line 227, in ChangeLocationBbs
    browser.close()
  File "C:\Anaconda3\lib\site-packages\selenium\webdriver\remote\webdriver.py", line 687, in close
    self.execute(Command.CLOSE)
  File "C:\Anaconda3\lib\site-packages\selenium\webdriver\remote\webdriver.py", line 320, in execute
    self.error_handler.check_response(response)
  File "C:\Anaconda3\lib\site-packages\selenium\webdriver\remote\errorhandler.py", line 242, in check_response
    raise exception_class(message, screen, stacktrace)
selenium.common.exceptions.WebDriverException: Message: invalid session id
  (Driver info: chromedriver=2.42.591088 (7b2b2dca23cca0862f674758c9a3933e685c27d5),platform=Windows NT 6.1.7601 SP1 x86_64)

2018-10-03 10:55:33,640 - ERROR - scraper - Mail not sent
2018-10-03 10:55:33,708 - CRITICAL - scraper - Session Unsucessfull
2018-10-03 11:03:49,289 - INFO - scraper - Database Connection Established
2018-10-03 11:03:49,311 - INFO - __main__ - Database Connection Established
2018-10-03 11:03:49,493 - INFO - __main__ - Session Started
2018-10-03 11:03:49,495 - INFO - __main__ - Scraping for amazon started.
2018-10-03 11:03:53,369 - INFO - __main__ - Scraping for bigbasket started.
2018-10-03 11:04:07,545 - INFO - scraper - Cookies Cleared Successfully
2018-10-03 11:05:28,679 - INFO - scraper - Location changed to 7 in Bbs
2018-10-03 11:05:28,735 - INFO - scraper - New Chromw cookies Collected
2018-10-03 11:05:52,289 - INFO - scraper - Data of bigbasket - 10000200  stored  Successfully
2018-10-03 11:05:54,460 - INFO - scraper - Data of bigbasket - 10000200  stored  Successfully
2018-10-03 11:05:55,732 - INFO - scraper - Data of bigbasket - 10000200  stored  Successfully
2018-10-03 11:06:20,760 - INFO - scraper - Data of bigbasket - 10000178  stored  Successfully
2018-10-03 11:06:24,205 - INFO - scraper - Data of bigbasket - 10000178  stored  Successfully
2018-10-03 11:06:25,410 - INFO - scraper - Data of bigbasket - 10000178  stored  Successfully
2018-10-03 11:06:55,476 - INFO - scraper - Data of bigbasket - 10000068  stored  Successfully
2018-10-03 11:06:56,922 - INFO - scraper - Data of bigbasket - 10000068  stored  Successfully
2018-10-03 11:06:57,921 - INFO - scraper - Data of bigbasket - 10000068  stored  Successfully
2018-10-03 11:06:58,013 - INFO - __main__ - Scraping for grofers started.
2018-10-03 11:07:17,806 - INFO - scraper - Data of amazon - B01K4F45LU  stored  Successfully
2018-10-03 11:07:18,160 - INFO - scraper - Data of amazon - B01K4F5KWS  stored  Successfully
2018-10-03 11:07:18,344 - INFO - scraper - Data of amazon - B01K4F5KWS  stored  Successfully
2018-10-03 11:07:18,911 - INFO - scraper - Data of amazon - B07BGC5C1Z  stored  Successfully
2018-10-03 11:07:19,159 - INFO - scraper - Data of amazon - B01K4F3S72  stored  Successfully
2018-10-03 11:07:19,419 - INFO - scraper - Data of amazon - B01K4F4G4Q  stored  Successfully
2018-10-03 11:07:19,607 - INFO - scraper - Data of amazon - B01K4F4VXC  stored  Successfully
2018-10-03 11:07:19,828 - INFO - scraper - Data of amazon - B01MQQDL4A  stored  Successfully
2018-10-03 11:07:20,342 - INFO - scraper - Data of amazon - B01N6MVEN4  stored  Successfully
2018-10-03 11:07:20,538 - INFO - scraper - Data of amazon - B01K4F6SHO  stored  Successfully
2018-10-03 11:07:20,705 - INFO - scraper - Data of amazon - B01N4893Q0  stored  Successfully
2018-10-03 11:07:21,046 - INFO - scraper - Data of amazon - B01MSTFSXA  stored  Successfully
2018-10-03 11:07:21,206 - INFO - scraper - Data of amazon - B07BGCZCB3  stored  Successfully
2018-10-03 11:07:21,575 - INFO - scraper - Data of amazon - B01K4F6HJ8  stored  Successfully
2018-10-03 11:07:21,866 - INFO - scraper - Data of amazon - B01K4F4QG4  stored  Successfully
2018-10-03 11:07:22,080 - INFO - scraper - Data of amazon - B01N0L50QX  stored  Successfully
2018-10-03 11:07:22,479 - INFO - scraper - Data of amazon - B07BGCB6M7  stored  Successfully
2018-10-03 11:07:23,092 - INFO - scraper - Data of amazon - B01K4F2DQO  stored  Successfully
2018-10-03 11:07:26,161 - INFO - scraper - Data of amazon - B01K4F7DMS  stored  Successfully
2018-10-03 11:07:27,855 - INFO - scraper - Data of amazon - B07B6H751L  stored  Successfully
2018-10-03 11:07:28,153 - INFO - scraper - Data of amazon - B01K4F6N2E  stored  Successfully
2018-10-03 11:07:28,595 - INFO - scraper - Data of amazon - B01K4F7QWU  stored  Successfully
2018-10-03 11:07:29,437 - INFO - scraper - Data of amazon - B01K4F59E2  stored  Successfully
2018-10-03 11:07:29,705 - INFO - scraper - Data of amazon - B01MRRRUJK  stored  Successfully
2018-10-03 11:07:29,893 - INFO - scraper - Data of amazon - B01HBEUAI4  stored  Successfully
2018-10-03 11:07:30,290 - INFO - scraper - Data of amazon - B01K4F5FIC  stored  Successfully
2018-10-03 11:07:30,511 - INFO - scraper - Data of amazon - B01K4F62HK  stored  Successfully
2018-10-03 11:07:30,692 - INFO - scraper - Data of amazon - B01K4F3NPE  stored  Successfully
2018-10-03 11:07:31,342 - INFO - scraper - Data of amazon - B01K4F3W00  stored  Successfully
2018-10-03 11:07:31,496 - INFO - scraper - Data of amazon - B01N7CJHBT  stored  Successfully
2018-10-03 11:07:31,628 - INFO - scraper - Data of amazon - B01K4F40JW  stored  Successfully
2018-10-03 11:07:31,923 - INFO - scraper - Data of amazon - B01K4F50P0  stored  Successfully
2018-10-03 11:07:32,216 - INFO - scraper - Data of amazon - B07BGC61TC  stored  Successfully
2018-10-03 11:07:32,445 - INFO - scraper - Data of amazon - B01K4F3NPE  stored  Successfully
2018-10-03 11:07:32,822 - INFO - scraper - Data of amazon - B01MXSK7QM  stored  Successfully
2018-10-03 11:07:33,011 - INFO - scraper - Data of amazon - B07B6H75SQ  stored  Successfully
2018-10-03 11:07:33,282 - INFO - scraper - Data of amazon - B01HBFXGO8  stored  Successfully
2018-10-03 11:07:33,943 - INFO - scraper - Data of amazon - B01K4F5R3K  stored  Successfully
2018-10-03 11:07:34,160 - INFO - scraper - Data of amazon - B01K4F4L96  stored  Successfully
2018-10-03 11:07:34,463 - INFO - scraper - Data of amazon - B01K4F4VXC  stored  Successfully
2018-10-03 11:07:34,632 - INFO - scraper - Data of amazon - B07BGD2283  stored  Successfully
2018-10-03 11:07:34,906 - INFO - scraper - Data of amazon - B07BGCWY83  stored  Successfully
2018-10-03 11:07:35,115 - INFO - scraper - Data of amazon - B01K4F2TN6  stored  Successfully
2018-10-03 11:07:35,331 - INFO - scraper - Data of amazon - B01K4F55BE  stored  Successfully
2018-10-03 11:07:35,529 - INFO - scraper - Data of amazon - B01K4F2XVO  stored  Successfully
2018-10-03 11:07:35,700 - INFO - scraper - Data of amazon - B078SFTDTY  stored  Successfully
2018-10-03 11:07:36,102 - INFO - scraper - Data of amazon - B01K4F66YY  stored  Successfully
2018-10-03 11:07:36,515 - INFO - scraper - Data of amazon - B01N59O6RL  stored  Successfully
2018-10-03 11:07:36,648 - INFO - scraper - Data of amazon - B07DLGX4KK  stored  Successfully
2018-10-03 11:07:37,321 - INFO - scraper - Data of amazon - B01K4F4B9Q  stored  Successfully
2018-10-03 11:07:37,575 - INFO - scraper - Data of amazon - B01K4F7IWS  stored  Successfully
2018-10-03 11:07:37,697 - INFO - scraper - Data of amazon - B01N59O6RL  stored  Successfully
2018-10-03 11:07:37,880 - INFO - scraper - Data of amazon - B01K4F3264  stored  Successfully
2018-10-03 11:07:37,981 - INFO - scraper - Data of amazon - B07BGC43KD  stored  Successfully
2018-10-03 11:07:38,193 - INFO - scraper - Data of amazon - B01K4F3IVS  stored  Successfully
2018-10-03 11:07:38,650 - INFO - scraper - Data of amazon - B01K4F72RY  stored  Successfully
2018-10-03 11:07:38,823 - INFO - scraper - Data of amazon - B01HBF5WBI  stored  Successfully
2018-10-03 11:07:38,976 - INFO - scraper - Data of amazon - B07BGCNMBB  stored  Successfully
2018-10-03 11:07:39,263 - INFO - scraper - Data of amazon - B01K4F78NC  stored  Successfully
2018-10-03 11:07:39,657 - INFO - scraper - Data of amazon - B01K4F3W00  stored  Successfully
2018-10-03 11:07:40,421 - INFO - scraper - Data of amazon - B01MQQDJ2K  stored  Successfully
2018-10-03 11:07:40,563 - INFO - scraper - Data of amazon - B07DLBXGF1  stored  Successfully
2018-10-03 11:07:41,048 - INFO - scraper - Data of amazon - B01N0GN72Y  stored  Successfully
2018-10-03 11:07:41,575 - INFO - scraper - Data of amazon - B01K4F5FIC  stored  Successfully
2018-10-03 11:07:41,774 - INFO - scraper - Data of amazon - B01HBF5WBI  stored  Successfully
2018-10-03 11:07:41,936 - INFO - scraper - Data of amazon - B01K4F6CBG  stored  Successfully
2018-10-03 11:07:42,959 - INFO - scraper - Data of amazon - B078SDRVXY  stored  Successfully
2018-10-03 11:07:43,199 - INFO - scraper - Data of grofers - 389683  stored  Successfully
2018-10-03 11:07:43,462 - INFO - scraper - Data of amazon - B07DLMRVBY  stored  Successfully
2018-10-03 11:07:43,882 - INFO - scraper - Data of amazon - B01HBEQ006  stored  Successfully
2018-10-03 11:07:44,761 - INFO - scraper - Data of grofers - 375919  stored  Successfully
2018-10-03 11:07:45,147 - INFO - scraper - Data of amazon - B01K4F5WI0  stored  Successfully
2018-10-03 11:07:45,388 - INFO - scraper - Data of amazon - B078SFQVBR  stored  Successfully
2018-10-03 11:07:45,477 - INFO - scraper - Data of grofers - 114408  stored  Successfully
2018-10-03 11:07:45,761 - INFO - scraper - Data of amazon - B01MTUXLEQ  stored  Successfully
2018-10-03 11:07:46,517 - INFO - scraper - Data of amazon - B01K4F4G4Q  stored  Successfully
2018-10-03 11:07:47,081 - INFO - scraper - Data of amazon - B01HBFSSUK  stored  Successfully
2018-10-03 11:07:47,281 - INFO - scraper - Data of amazon - B01K4F4VXC  stored  Successfully
2018-10-03 11:07:47,490 - INFO - scraper - Data of amazon - B01MQQDL4A  stored  Successfully
2018-10-03 11:07:47,680 - INFO - scraper - Data of amazon - B01HBFXKO4  stored  Successfully
2018-10-03 11:07:48,146 - INFO - scraper - Data of amazon - B01K4F6SHO  stored  Successfully
2018-10-03 11:07:48,542 - INFO - scraper - Data of amazon - B01HBFTGPQ  stored  Successfully
2018-10-03 11:07:48,692 - INFO - scraper - Data of amazon - B01NBEWANN  stored  Successfully
2018-10-03 11:07:48,843 - INFO - scraper - Data of amazon - B01HBFTGPQ  stored  Successfully
2018-10-03 11:07:49,360 - INFO - scraper - Data of amazon - B01K4F55BE  stored  Successfully
2018-10-03 11:07:49,508 - INFO - scraper - Data of amazon - B01K4F3APM  stored  Successfully
2018-10-03 11:07:49,673 - INFO - scraper - Data of amazon - B01K4F3EYO  stored  Successfully
2018-10-03 11:07:49,862 - INFO - scraper - Data of amazon - B01HBFSSUK  stored  Successfully
2018-10-03 11:07:50,027 - INFO - scraper - Data of amazon - B01HBFVM94  stored  Successfully
2018-10-03 11:07:50,151 - INFO - scraper - Data of amazon - B01HBFUCTA  stored  Successfully
2018-10-03 11:07:50,314 - INFO - scraper - Data of amazon - B01K4F50P0  stored  Successfully
2018-10-03 11:07:50,481 - INFO - scraper - Data of amazon - B01HBFUCTA  stored  Successfully
2018-10-03 11:07:50,880 - INFO - scraper - Data of amazon - B01N0L50QX  stored  Successfully
2018-10-03 11:07:58,636 - INFO - scraper - Mail Sent successfully
2018-10-03 11:07:58,636 - INFO - scraper - Session Successful
2018-10-03 11:18:10,756 - INFO - scraper - Database Connection Established
2018-10-03 11:18:10,788 - INFO - __main__ - Database Connection Established
2018-10-03 11:18:10,867 - INFO - __main__ - Session Started
2018-10-03 11:18:10,867 - INFO - __main__ - Scraping for amazon started.
2018-10-03 11:18:25,798 - INFO - scraper - Cookies Cleared Successfully
2018-10-03 11:19:08,310 - INFO - scraper - Location changed to 8 in Amz
2018-10-03 11:19:08,363 - INFO - scraper - New Chromw cookies Collected
2018-10-03 11:19:23,805 - INFO - __main__ - Scraping for bigbasket started.
2018-10-03 11:19:53,573 - INFO - scraper - Data of bigbasket - 10000200  stored  Successfully
2018-10-03 11:19:55,053 - INFO - scraper - Data of bigbasket - 10000200  stored  Successfully
2018-10-03 11:19:56,055 - INFO - scraper - Data of bigbasket - 10000200  stored  Successfully
2018-10-03 11:20:12,114 - INFO - scraper - Cookies Cleared Successfully
2018-10-03 11:21:02,751 - ERROR - scraper - Bbs data not available for 10000200.
Traceback (most recent call last):
  File "C:\Users\Vivek Iyer\Desktop\FINAL_PROJECT\semifinal\web-scrapper\scraper\spiders\scraper.py", line 187, in ChangeLocationBbs
    randomclick[0].click()
  File "C:\Anaconda3\lib\site-packages\selenium\webdriver\remote\webelement.py", line 80, in click
    self._execute(Command.CLICK_ELEMENT)
  File "C:\Anaconda3\lib\site-packages\selenium\webdriver\remote\webelement.py", line 628, in _execute
    return self._parent.execute(command, params)
  File "C:\Anaconda3\lib\site-packages\selenium\webdriver\remote\webdriver.py", line 320, in execute
    self.error_handler.check_response(response)
  File "C:\Anaconda3\lib\site-packages\selenium\webdriver\remote\errorhandler.py", line 242, in check_response
    raise exception_class(message, screen, stacktrace)
selenium.common.exceptions.ElementNotVisibleException: Message: element not interactable
  (Session info: chrome=69.0.3497.100)
  (Driver info: chromedriver=2.42.591088 (7b2b2dca23cca0862f674758c9a3933e685c27d5),platform=Windows NT 6.1.7601 SP1 x86_64)

2018-10-03 11:21:03,070 - ERROR - __main__ - Message: invalid session id
  (Driver info: chromedriver=2.42.591088 (7b2b2dca23cca0862f674758c9a3933e685c27d5),platform=Windows NT 6.1.7601 SP1 x86_64)
Traceback (most recent call last):
  File "C:\Users\Vivek Iyer\Desktop\FINAL_PROJECT\semifinal\web-scrapper\scraper\spiders\scraper.py", line 187, in ChangeLocationBbs
    randomclick[0].click()
  File "C:\Anaconda3\lib\site-packages\selenium\webdriver\remote\webelement.py", line 80, in click
    self._execute(Command.CLICK_ELEMENT)
  File "C:\Anaconda3\lib\site-packages\selenium\webdriver\remote\webelement.py", line 628, in _execute
    return self._parent.execute(command, params)
  File "C:\Anaconda3\lib\site-packages\selenium\webdriver\remote\webdriver.py", line 320, in execute
    self.error_handler.check_response(response)
  File "C:\Anaconda3\lib\site-packages\selenium\webdriver\remote\errorhandler.py", line 242, in check_response
    raise exception_class(message, screen, stacktrace)
selenium.common.exceptions.ElementNotVisibleException: Message: element not interactable
  (Session info: chrome=69.0.3497.100)
  (Driver info: chromedriver=2.42.591088 (7b2b2dca23cca0862f674758c9a3933e685c27d5),platform=Windows NT 6.1.7601 SP1 x86_64)


During handling of the above exception, another exception occurred:

Traceback (most recent call last):
  File "C:\Users\Vivek Iyer\Desktop\FINAL_PROJECT\semifinal\web-scrapper\scraper\spiders\main_program.py", line 114, in <module>
    scraper.ChangeLocationBbs(pincode, store, base_url, location_id, store_id, sku, area, session_id)
  File "C:\Users\Vivek Iyer\Desktop\FINAL_PROJECT\semifinal\web-scrapper\scraper\spiders\scraper.py", line 223, in ChangeLocationBbs
    browser.close()
  File "C:\Anaconda3\lib\site-packages\selenium\webdriver\remote\webdriver.py", line 687, in close
    self.execute(Command.CLOSE)
  File "C:\Anaconda3\lib\site-packages\selenium\webdriver\remote\webdriver.py", line 320, in execute
    self.error_handler.check_response(response)
  File "C:\Anaconda3\lib\site-packages\selenium\webdriver\remote\errorhandler.py", line 242, in check_response
    raise exception_class(message, screen, stacktrace)
selenium.common.exceptions.WebDriverException: Message: invalid session id
  (Driver info: chromedriver=2.42.591088 (7b2b2dca23cca0862f674758c9a3933e685c27d5),platform=Windows NT 6.1.7601 SP1 x86_64)

2018-10-03 11:21:03,096 - ERROR - scraper - Mail not sent
2018-10-03 11:21:03,193 - CRITICAL - scraper - Session Unsucessfull
2018-10-03 11:24:52,614 - INFO - scraper - Database Connection Established
2018-10-03 11:24:52,647 - INFO - __main__ - Database Connection Established
2018-10-03 11:24:52,716 - INFO - __main__ - Session Started
2018-10-03 11:24:52,716 - INFO - __main__ - Scraping for amazon started.
2018-10-03 11:25:01,591 - INFO - __main__ - Scraping for bigbasket started.
2018-10-03 11:25:31,559 - INFO - scraper - Data of bigbasket - 10000200  stored  Successfully
2018-10-03 11:25:32,934 - INFO - scraper - Data of bigbasket - 10000200  stored  Successfully
2018-10-03 11:25:33,818 - INFO - scraper - Data of bigbasket - 10000200  stored  Successfully
2018-10-03 11:25:48,140 - INFO - scraper - Cookies Cleared Successfully
2018-10-03 11:26:33,355 - ERROR - scraper - Bbs data not available for 10000200.
Traceback (most recent call last):
  File "C:\Users\Vivek Iyer\Desktop\FINAL_PROJECT\semifinal\web-scrapper\scraper\spiders\scraper.py", line 187, in ChangeLocationBbs
    randomclick[0].click()
  File "C:\Anaconda3\lib\site-packages\selenium\webdriver\remote\webelement.py", line 80, in click
    self._execute(Command.CLICK_ELEMENT)
  File "C:\Anaconda3\lib\site-packages\selenium\webdriver\remote\webelement.py", line 628, in _execute
    return self._parent.execute(command, params)
  File "C:\Anaconda3\lib\site-packages\selenium\webdriver\remote\webdriver.py", line 320, in execute
    self.error_handler.check_response(response)
  File "C:\Anaconda3\lib\site-packages\selenium\webdriver\remote\errorhandler.py", line 242, in check_response
    raise exception_class(message, screen, stacktrace)
selenium.common.exceptions.ElementNotVisibleException: Message: element not interactable
  (Session info: chrome=69.0.3497.100)
  (Driver info: chromedriver=2.42.591088 (7b2b2dca23cca0862f674758c9a3933e685c27d5),platform=Windows NT 6.1.7601 SP1 x86_64)

2018-10-03 11:26:33,717 - ERROR - __main__ - Message: invalid session id
  (Driver info: chromedriver=2.42.591088 (7b2b2dca23cca0862f674758c9a3933e685c27d5),platform=Windows NT 6.1.7601 SP1 x86_64)
Traceback (most recent call last):
  File "C:\Users\Vivek Iyer\Desktop\FINAL_PROJECT\semifinal\web-scrapper\scraper\spiders\scraper.py", line 187, in ChangeLocationBbs
    randomclick[0].click()
  File "C:\Anaconda3\lib\site-packages\selenium\webdriver\remote\webelement.py", line 80, in click
    self._execute(Command.CLICK_ELEMENT)
  File "C:\Anaconda3\lib\site-packages\selenium\webdriver\remote\webelement.py", line 628, in _execute
    return self._parent.execute(command, params)
  File "C:\Anaconda3\lib\site-packages\selenium\webdriver\remote\webdriver.py", line 320, in execute
    self.error_handler.check_response(response)
  File "C:\Anaconda3\lib\site-packages\selenium\webdriver\remote\errorhandler.py", line 242, in check_response
    raise exception_class(message, screen, stacktrace)
selenium.common.exceptions.ElementNotVisibleException: Message: element not interactable
  (Session info: chrome=69.0.3497.100)
  (Driver info: chromedriver=2.42.591088 (7b2b2dca23cca0862f674758c9a3933e685c27d5),platform=Windows NT 6.1.7601 SP1 x86_64)


During handling of the above exception, another exception occurred:

Traceback (most recent call last):
  File "C:\Users\Vivek Iyer\Desktop\FINAL_PROJECT\semifinal\web-scrapper\scraper\spiders\main_program.py", line 114, in <module>
    scraper.ChangeLocationBbs(pincode, store, base_url, location_id, store_id, sku, area, session_id)
  File "C:\Users\Vivek Iyer\Desktop\FINAL_PROJECT\semifinal\web-scrapper\scraper\spiders\scraper.py", line 223, in ChangeLocationBbs
    browser.close()
  File "C:\Anaconda3\lib\site-packages\selenium\webdriver\remote\webdriver.py", line 687, in close
    self.execute(Command.CLOSE)
  File "C:\Anaconda3\lib\site-packages\selenium\webdriver\remote\webdriver.py", line 320, in execute
    self.error_handler.check_response(response)
  File "C:\Anaconda3\lib\site-packages\selenium\webdriver\remote\errorhandler.py", line 242, in check_response
    raise exception_class(message, screen, stacktrace)
selenium.common.exceptions.WebDriverException: Message: invalid session id
  (Driver info: chromedriver=2.42.591088 (7b2b2dca23cca0862f674758c9a3933e685c27d5),platform=Windows NT 6.1.7601 SP1 x86_64)

2018-10-03 11:26:33,728 - ERROR - scraper - Mail not sent
2018-10-03 11:26:33,774 - CRITICAL - scraper - Session Unsucessfull
